<!DOCTYPE html PUBLIC "-//W3C//DTD XHTML 1.1//EN" "https://www.w3.org/TR/xhtml11/DTD/xhtml11.dtd">
<html xmlns="https://www.w3.org/1999/xhtml">
<head>
<meta http-equiv="content-type" content="text/html; charset=UTF-8"/>
<title>TestNG Report</title>
<style type="text/css">table {margin-bottom:10px;border-collapse:collapse;empty-cells:show}th,td {border:1px solid #009;padding:.25em .5em}th {vertical-align:bottom}td {vertical-align:top}table a {font-weight:bold}.stripe td {background-color: #E6EBF9}.num {text-align:right}.passedodd td {background-color: #3F3}.passedeven td {background-color: #0A0}.skippedodd td {background-color: #DDD}.skippedeven td {background-color: #CCC}.failedodd td,.attn {background-color: #F33}.failedeven td,.stripe .attn {background-color: #D00}.stacktrace {white-space:pre;font-family:monospace}.totop {font-size:85%;text-align:center;border-bottom:2px solid #000}.invisible {display:none}</style>
</head>
<body>
<table>
<tr><th>Test</th><th># Passed</th><th># Skipped</th><th># Retried</th><th># Failed</th><th>Time (ms)</th><th>Included Groups</th><th>Excluded Groups</th></tr>
<tr><th colspan="8">Suite</th></tr>
<tr><td><a href="#t0">Test</a></td><td class="num">0</td><td class="num">0</td><td class="num">0</td><td class="num attn">62</td><td class="num">898</td><td></td><td></td></tr>
</table>
<table id='summary'><thead><tr><th>Class</th><th>Method</th><th>Start</th><th>Time (ms)</th></tr></thead><tbody><tr><th colspan="4">Suite</th></tr></tbody><tbody id="t0"><tr><th colspan="4">Test &#8212; failed</th></tr><tr class="failedeven"><td rowspan="62">com.stepDefinitions.aboutPageStepDefinitionsTest</td><td><a href="#m0">again_user_clicks_login_button_shows_in_drop_downTest</a></td><td rowspan="1">1700477543045</td><td rowspan="1">96</td></tr><tr class="failedeven"><td><a href="#m1">changes_successfull_message_is_displayedTest</a></td><td rowspan="1">1700477543049</td><td rowspan="1">92</td></tr><tr class="failedeven"><td><a href="#m2">clicks_on_registerTest</a></td><td rowspan="1">1700477543046</td><td rowspan="1">95</td></tr><tr class="failedeven"><td><a href="#m3">clicks_search_buttonTest</a></td><td rowspan="1">1700477543045</td><td rowspan="1">96</td></tr><tr class="failedeven"><td><a href="#m4">cruisePageStepDefinitionTest</a></td><td rowspan="1">1700477543049</td><td rowspan="1">92</td></tr><tr class="failedeven"><td><a href="#m5">customer_is_on_thomascook_pageTest</a></td><td rowspan="1">1700477543148</td><td rowspan="1">8</td></tr><tr class="failedeven"><td><a href="#m6">finally_user_clicks_the_loginbutton_and_user_in_homepage_of_registered_userTest</a></td><td rowspan="1">1700477543149</td><td rowspan="1">6</td></tr><tr class="failedeven"><td><a href="#m7">i_want_to_select_a_holiday_categoryTest</a></td><td rowspan="1">1700477543150</td><td rowspan="1">4</td></tr><tr class="failedeven"><td><a href="#m8">selects_budgetTest</a></td><td rowspan="1">1700477543152</td><td rowspan="1">1</td></tr><tr class="failedeven"><td><a href="#m9">selects_month_of_travelTest</a></td><td rowspan="1">1700477543153</td><td rowspan="1">7</td></tr><tr class="failedeven"><td><a href="#m10">setupTest</a></td><td rowspan="1">1700477543158</td><td rowspan="1">3</td></tr><tr class="failedeven"><td><a href="#m11">tearDownTest</a></td><td rowspan="1">1700477543163</td><td rowspan="1">6</td></tr><tr class="failedeven"><td><a href="#m12">the_desired_tour_package_is_displayedTest</a></td><td rowspan="1">1700477543164</td><td rowspan="1">2</td></tr><tr class="failedeven"><td><a href="#m13">the_user_changes_a_mobile_numberTest</a></td><td rowspan="1">1700477543165</td><td rowspan="1">14</td></tr><tr class="failedeven"><td><a href="#m14">the_user_click_a_edit_buttonTest</a></td><td rowspan="1">1700477543168</td><td rowspan="1">6</td></tr><tr class="failedeven"><td><a href="#m15">the_user_click_an_view_my_accountTest</a></td><td rowspan="1">1700477543171</td><td rowspan="1">2</td></tr><tr class="failedeven"><td><a href="#m16">the_user_click_on_my_accountTest</a></td><td rowspan="1">1700477543179</td><td rowspan="1">10</td></tr><tr class="failedeven"><td><a href="#m17">the_user_clicks_on_board_of_directorsTest</a></td><td rowspan="1">1700477543183</td><td rowspan="1">8</td></tr><tr class="failedeven"><td><a href="#m18">the_user_clicks_on_policiesTest</a></td><td rowspan="1">1700477543184</td><td rowspan="1">15</td></tr><tr class="failedeven"><td><a href="#m19">the_user_clicks_on_the_flightsTest</a></td><td rowspan="1">1700477543185</td><td rowspan="1">15</td></tr><tr class="failedeven"><td><a href="#m20">the_user_get_board_directors_informationTest</a></td><td rowspan="1">1700477543188</td><td rowspan="1">8</td></tr><tr class="failedeven"><td><a href="#m21">the_user_gets_the_information_about_thomascookTest</a></td><td rowspan="1">1700477543193</td><td rowspan="1">3</td></tr><tr class="failedeven"><td><a href="#m22">the_user_gets_the_priacy_policy_informationTest</a></td><td rowspan="1">1700477543203</td><td rowspan="1">4</td></tr><tr class="failedeven"><td><a href="#m23">the_user_select_a_departure_city_as_chennaiTest</a></td><td rowspan="1">1700477543205</td><td rowspan="1">1</td></tr><tr class="failedeven"><td><a href="#m24">the_user_select_a_duration_of_travel_less_than_nightsTest</a></td><td rowspan="1">1700477543205</td><td rowspan="1">12</td></tr><tr class="failedeven"><td><a href="#m25">the_user_select_a_europe_tour_packageTest</a></td><td rowspan="1">1700477543211</td><td rowspan="1">4</td></tr><tr class="failedeven"><td><a href="#m26">the_user_select_a_month_of_travel_as_febTest</a></td><td rowspan="1">1700477543213</td><td rowspan="1">1</td></tr><tr class="failedeven"><td><a href="#m27">the_user_select_a_package_type_without_a_flightTest</a></td><td rowspan="1">1700477543213</td><td rowspan="1">7</td></tr><tr class="failedeven"><td><a href="#m28">the_user_select_the_city_marvel_of_georgiaTest</a></td><td rowspan="1">1700477543216</td><td rowspan="1">6</td></tr><tr class="failedeven"><td><a href="#m29">the_user_select_theme_with_a_familyTest</a></td><td rowspan="1">1700477543218</td><td rowspan="1">3</td></tr><tr class="failedeven"><td><a href="#m30">user_click_a_save_buttonTest</a></td><td rowspan="1">1700477543220</td><td rowspan="1">8</td></tr><tr class="failedeven"><td><a href="#m31">user_clicks_on_about_usTest</a></td><td rowspan="1">1700477543222</td><td rowspan="1">15</td></tr><tr class="failedeven"><td><a href="#m32">user_clicks_on_loginbuttonTest</a></td><td rowspan="1">1700477543224</td><td rowspan="1">1</td></tr><tr class="failedeven"><td><a href="#m33">user_clicks_on_modify_buttonTest</a></td><td rowspan="1">1700477543225</td><td rowspan="1">3</td></tr><tr class="failedeven"><td><a href="#m34">user_clicks_on_modify_search_to_change_date_and_departure_cityTest</a></td><td rowspan="1">1700477543228</td><td rowspan="1">14</td></tr><tr class="failedeven"><td><a href="#m35">user_clicks_on_the_oneway_tripTest</a></td><td rowspan="1">1700477543236</td><td rowspan="1">13</td></tr><tr class="failedeven"><td><a href="#m36">user_clicks_on_the_search_buttonTest</a></td><td rowspan="1">1700477543238</td><td rowspan="1">8</td></tr><tr class="failedeven"><td><a href="#m37">user_clicks_on_the_search_flight_buttonTest</a></td><td rowspan="1">1700477543239</td><td rowspan="1">2</td></tr><tr class="failedeven"><td><a href="#m38">user_clicks_register_buttonTest</a></td><td rowspan="1">1700477543245</td><td rowspan="1">6</td></tr><tr class="failedeven"><td><a href="#m39">user_clicks_the_cruise_buttonTest</a></td><td rowspan="1">1700477543247</td><td rowspan="1">2</td></tr><tr class="failedeven"><td><a href="#m40">user_clicks_the_dateTest</a></td><td rowspan="1">1700477543251</td><td rowspan="1">4</td></tr><tr class="failedeven"><td><a href="#m41">user_clicks_the_login_button_on_top_right_corner_of_homepageTest</a></td><td rowspan="1">1700477543253</td><td rowspan="1">1</td></tr><tr class="failedeven"><td><a href="#m42">user_enters_the_EmailTest</a></td><td rowspan="1">1700477543254</td><td rowspan="1">8</td></tr><tr class="failedeven"><td><a href="#m43">user_enters_the_PasswordTest</a></td><td rowspan="1">1700477543256</td><td rowspan="1">3</td></tr><tr class="failedeven"><td><a href="#m44">user_enters_the_valid_email_id_in_popup_which_shownTest</a></td><td rowspan="1">1700477543259</td><td rowspan="1">9</td></tr><tr class="failedeven"><td><a href="#m45">user_enters_the_valid_passwordTest</a></td><td rowspan="1">1700477543261</td><td rowspan="1">3</td></tr><tr class="failedeven"><td><a href="#m46">user_fills_in_their_detailsTest</a></td><td rowspan="1">1700477543261</td><td rowspan="1">3</td></tr><tr class="failedeven"><td><a href="#m47">user_gets_search_results_for_the_searchTest</a></td><td rowspan="1">1700477543267</td><td rowspan="1">2</td></tr><tr class="failedeven"><td><a href="#m48">user_gives_place_nameTest</a></td><td rowspan="1">1700477543271</td><td rowspan="1">6</td></tr><tr class="failedeven"><td><a href="#m49">user_gives_the_from_locationTest</a></td><td rowspan="1">1700477543274</td><td rowspan="1">1</td></tr><tr class="failedeven"><td><a href="#m50">user_gives_the_to_locationTest</a></td><td rowspan="1">1700477543275</td><td rowspan="1">1</td></tr><tr class="failedeven"><td><a href="#m51">user_is_in_the_thomasCOOK_pageTest</a></td><td rowspan="1">1700477543278</td><td rowspan="1">3</td></tr><tr class="failedeven"><td><a href="#m52">user_is_in_the_thomascook_pageTest</a></td><td rowspan="1">1700477543280</td><td rowspan="1">19</td></tr><tr class="failedeven"><td><a href="#m53">user_is_in_the_thomascook_page_from_loginTest</a></td><td rowspan="1">1700477543280</td><td rowspan="1">15</td></tr><tr class="failedeven"><td><a href="#m54">user_is_navigated_to_homepage_with_user_logged_inTest</a></td><td rowspan="1">1700477543290</td><td rowspan="1">1</td></tr><tr class="failedeven"><td><a href="#m55">user_is_on_thomascook_homepageTest</a></td><td rowspan="1">1700477543291</td><td rowspan="1">1</td></tr><tr class="failedeven"><td><a href="#m56">user_is_on_thomascook_webpageTest</a></td><td rowspan="1">1700477543293</td><td rowspan="1">10</td></tr><tr class="failedeven"><td><a href="#m57">user_is_on_thomascook_websiteTest</a></td><td rowspan="1">1700477543295</td><td rowspan="1">1</td></tr><tr class="failedeven"><td><a href="#m58">user_recieve_the_modified_searchTest</a></td><td rowspan="1">1700477543301</td><td rowspan="1">6</td></tr><tr class="failedeven"><td><a href="#m59">user_selects_the_date_from_calendarTest</a></td><td rowspan="1">1700477543300</td><td rowspan="1">2</td></tr><tr class="failedeven"><td><a href="#m60">user_selects_the_value_from_dropdownTest</a></td><td rowspan="1">1700477543305</td><td rowspan="1">5</td></tr><tr class="failedeven"><td><a href="#m61">user_sorts_the_searchTest</a></td><td rowspan="1">1700477543305</td><td rowspan="1">6</td></tr></tbody>
</table>
<h2>Test</h2><h3 id="m0">com.stepDefinitions.aboutPageStepDefinitionsTest#again_user_clicks_login_button_shows_in_drop_downTest</h3><table class="result"><tr><th>Exception</th></tr><tr><td><div class="stacktrace">java.lang.RuntimeException: Test not implemented
	at com.stepDefinitions.aboutPageStepDefinitionsTest.again_user_clicks_login_button_shows_in_drop_downTest(aboutPageStepDefinitionsTest.java:9)
	at java.base/java.util.concurrent.ThreadPoolExecutor.runWorker(ThreadPoolExecutor.java:1144)
	at java.base/java.util.concurrent.ThreadPoolExecutor$Worker.run(ThreadPoolExecutor.java:642)
	at java.base/java.lang.Thread.run(Thread.java:1623)
... Removed 10 stack frames</div></td></tr></table><p class="totop"><a href="#summary">back to summary</a></p>
<h3 id="m1">com.stepDefinitions.aboutPageStepDefinitionsTest#changes_successfull_message_is_displayedTest</h3><table class="result"><tr><th>Exception</th></tr><tr><td><div class="stacktrace">java.lang.RuntimeException: Test not implemented
	at com.stepDefinitions.aboutPageStepDefinitionsTest.changes_successfull_message_is_displayedTest(aboutPageStepDefinitionsTest.java:14)
	at java.base/java.util.concurrent.ThreadPoolExecutor.runWorker(ThreadPoolExecutor.java:1144)
	at java.base/java.util.concurrent.ThreadPoolExecutor$Worker.run(ThreadPoolExecutor.java:642)
	at java.base/java.lang.Thread.run(Thread.java:1623)
... Removed 10 stack frames</div></td></tr></table><p class="totop"><a href="#summary">back to summary</a></p>
<h3 id="m2">com.stepDefinitions.aboutPageStepDefinitionsTest#clicks_on_registerTest</h3><table class="result"><tr><th>Exception</th></tr><tr><td><div class="stacktrace">java.lang.RuntimeException: Test not implemented
	at com.stepDefinitions.aboutPageStepDefinitionsTest.clicks_on_registerTest(aboutPageStepDefinitionsTest.java:19)
	at java.base/java.util.concurrent.ThreadPoolExecutor.runWorker(ThreadPoolExecutor.java:1144)
	at java.base/java.util.concurrent.ThreadPoolExecutor$Worker.run(ThreadPoolExecutor.java:642)
	at java.base/java.lang.Thread.run(Thread.java:1623)
... Removed 10 stack frames</div></td></tr></table><p class="totop"><a href="#summary">back to summary</a></p>
<h3 id="m3">com.stepDefinitions.aboutPageStepDefinitionsTest#clicks_search_buttonTest</h3><table class="result"><tr><th>Exception</th></tr><tr><td><div class="stacktrace">java.lang.RuntimeException: Test not implemented
	at com.stepDefinitions.aboutPageStepDefinitionsTest.clicks_search_buttonTest(aboutPageStepDefinitionsTest.java:24)
	at java.base/java.util.concurrent.ThreadPoolExecutor.runWorker(ThreadPoolExecutor.java:1144)
	at java.base/java.util.concurrent.ThreadPoolExecutor$Worker.run(ThreadPoolExecutor.java:642)
	at java.base/java.lang.Thread.run(Thread.java:1623)
... Removed 10 stack frames</div></td></tr></table><p class="totop"><a href="#summary">back to summary</a></p>
<h3 id="m4">com.stepDefinitions.aboutPageStepDefinitionsTest#cruisePageStepDefinitionTest</h3><table class="result"><tr><th>Exception</th></tr><tr><td><div class="stacktrace">java.lang.RuntimeException: Test not implemented
	at com.stepDefinitions.aboutPageStepDefinitionsTest.cruisePageStepDefinitionTest(aboutPageStepDefinitionsTest.java:29)
	at java.base/java.util.concurrent.ThreadPoolExecutor.runWorker(ThreadPoolExecutor.java:1144)
	at java.base/java.util.concurrent.ThreadPoolExecutor$Worker.run(ThreadPoolExecutor.java:642)
	at java.base/java.lang.Thread.run(Thread.java:1623)
... Removed 10 stack frames</div></td></tr></table><p class="totop"><a href="#summary">back to summary</a></p>
<h3 id="m5">com.stepDefinitions.aboutPageStepDefinitionsTest#customer_is_on_thomascook_pageTest</h3><table class="result"><tr><th>Exception</th></tr><tr><td><div class="stacktrace">java.lang.RuntimeException: Test not implemented
	at com.stepDefinitions.aboutPageStepDefinitionsTest.customer_is_on_thomascook_pageTest(aboutPageStepDefinitionsTest.java:34)
	at java.base/java.util.concurrent.ThreadPoolExecutor.runWorker(ThreadPoolExecutor.java:1144)
	at java.base/java.util.concurrent.ThreadPoolExecutor$Worker.run(ThreadPoolExecutor.java:642)
	at java.base/java.lang.Thread.run(Thread.java:1623)
... Removed 10 stack frames</div></td></tr></table><p class="totop"><a href="#summary">back to summary</a></p>
<h3 id="m6">com.stepDefinitions.aboutPageStepDefinitionsTest#finally_user_clicks_the_loginbutton_and_user_in_homepage_of_registered_userTest</h3><table class="result"><tr><th>Exception</th></tr><tr><td><div class="stacktrace">java.lang.RuntimeException: Test not implemented
	at com.stepDefinitions.aboutPageStepDefinitionsTest.finally_user_clicks_the_loginbutton_and_user_in_homepage_of_registered_userTest(aboutPageStepDefinitionsTest.java:39)
	at java.base/java.util.concurrent.ThreadPoolExecutor.runWorker(ThreadPoolExecutor.java:1144)
	at java.base/java.util.concurrent.ThreadPoolExecutor$Worker.run(ThreadPoolExecutor.java:642)
	at java.base/java.lang.Thread.run(Thread.java:1623)
... Removed 10 stack frames</div></td></tr></table><p class="totop"><a href="#summary">back to summary</a></p>
<h3 id="m7">com.stepDefinitions.aboutPageStepDefinitionsTest#i_want_to_select_a_holiday_categoryTest</h3><table class="result"><tr><th>Exception</th></tr><tr><td><div class="stacktrace">java.lang.RuntimeException: Test not implemented
	at com.stepDefinitions.aboutPageStepDefinitionsTest.i_want_to_select_a_holiday_categoryTest(aboutPageStepDefinitionsTest.java:44)
	at java.base/java.util.concurrent.ThreadPoolExecutor.runWorker(ThreadPoolExecutor.java:1144)
	at java.base/java.util.concurrent.ThreadPoolExecutor$Worker.run(ThreadPoolExecutor.java:642)
	at java.base/java.lang.Thread.run(Thread.java:1623)
... Removed 10 stack frames</div></td></tr></table><p class="totop"><a href="#summary">back to summary</a></p>
<h3 id="m8">com.stepDefinitions.aboutPageStepDefinitionsTest#selects_budgetTest</h3><table class="result"><tr><th>Exception</th></tr><tr><td><div class="stacktrace">java.lang.RuntimeException: Test not implemented
	at com.stepDefinitions.aboutPageStepDefinitionsTest.selects_budgetTest(aboutPageStepDefinitionsTest.java:49)
	at java.base/java.util.concurrent.ThreadPoolExecutor.runWorker(ThreadPoolExecutor.java:1144)
	at java.base/java.util.concurrent.ThreadPoolExecutor$Worker.run(ThreadPoolExecutor.java:642)
	at java.base/java.lang.Thread.run(Thread.java:1623)
... Removed 10 stack frames</div></td></tr></table><p class="totop"><a href="#summary">back to summary</a></p>
<h3 id="m9">com.stepDefinitions.aboutPageStepDefinitionsTest#selects_month_of_travelTest</h3><table class="result"><tr><th>Exception</th></tr><tr><td><div class="stacktrace">java.lang.RuntimeException: Test not implemented
	at com.stepDefinitions.aboutPageStepDefinitionsTest.selects_month_of_travelTest(aboutPageStepDefinitionsTest.java:54)
	at java.base/java.util.concurrent.ThreadPoolExecutor.runWorker(ThreadPoolExecutor.java:1144)
	at java.base/java.util.concurrent.ThreadPoolExecutor$Worker.run(ThreadPoolExecutor.java:642)
	at java.base/java.lang.Thread.run(Thread.java:1623)
... Removed 10 stack frames</div></td></tr></table><p class="totop"><a href="#summary">back to summary</a></p>
<h3 id="m10">com.stepDefinitions.aboutPageStepDefinitionsTest#setupTest</h3><table class="result"><tr><th>Exception</th></tr><tr><td><div class="stacktrace">java.lang.RuntimeException: Test not implemented
	at com.stepDefinitions.aboutPageStepDefinitionsTest.setupTest(aboutPageStepDefinitionsTest.java:59)
	at java.base/java.util.concurrent.ThreadPoolExecutor.runWorker(ThreadPoolExecutor.java:1144)
	at java.base/java.util.concurrent.ThreadPoolExecutor$Worker.run(ThreadPoolExecutor.java:642)
	at java.base/java.lang.Thread.run(Thread.java:1623)
... Removed 10 stack frames</div></td></tr></table><p class="totop"><a href="#summary">back to summary</a></p>
<h3 id="m11">com.stepDefinitions.aboutPageStepDefinitionsTest#tearDownTest</h3><table class="result"><tr><th>Exception</th></tr><tr><td><div class="stacktrace">java.lang.RuntimeException: Test not implemented
	at com.stepDefinitions.aboutPageStepDefinitionsTest.tearDownTest(aboutPageStepDefinitionsTest.java:64)
	at java.base/java.util.concurrent.ThreadPoolExecutor.runWorker(ThreadPoolExecutor.java:1144)
	at java.base/java.util.concurrent.ThreadPoolExecutor$Worker.run(ThreadPoolExecutor.java:642)
	at java.base/java.lang.Thread.run(Thread.java:1623)
... Removed 10 stack frames</div></td></tr></table><p class="totop"><a href="#summary">back to summary</a></p>
<h3 id="m12">com.stepDefinitions.aboutPageStepDefinitionsTest#the_desired_tour_package_is_displayedTest</h3><table class="result"><tr><th>Exception</th></tr><tr><td><div class="stacktrace">java.lang.RuntimeException: Test not implemented
	at com.stepDefinitions.aboutPageStepDefinitionsTest.the_desired_tour_package_is_displayedTest(aboutPageStepDefinitionsTest.java:69)
	at java.base/java.util.concurrent.ThreadPoolExecutor.runWorker(ThreadPoolExecutor.java:1144)
	at java.base/java.util.concurrent.ThreadPoolExecutor$Worker.run(ThreadPoolExecutor.java:642)
	at java.base/java.lang.Thread.run(Thread.java:1623)
... Removed 10 stack frames</div></td></tr></table><p class="totop"><a href="#summary">back to summary</a></p>
<h3 id="m13">com.stepDefinitions.aboutPageStepDefinitionsTest#the_user_changes_a_mobile_numberTest</h3><table class="result"><tr><th>Exception</th></tr><tr><td><div class="stacktrace">java.lang.RuntimeException: Test not implemented
	at com.stepDefinitions.aboutPageStepDefinitionsTest.the_user_changes_a_mobile_numberTest(aboutPageStepDefinitionsTest.java:74)
	at java.base/java.util.concurrent.ThreadPoolExecutor.runWorker(ThreadPoolExecutor.java:1144)
	at java.base/java.util.concurrent.ThreadPoolExecutor$Worker.run(ThreadPoolExecutor.java:642)
	at java.base/java.lang.Thread.run(Thread.java:1623)
... Removed 10 stack frames</div></td></tr></table><p class="totop"><a href="#summary">back to summary</a></p>
<h3 id="m14">com.stepDefinitions.aboutPageStepDefinitionsTest#the_user_click_a_edit_buttonTest</h3><table class="result"><tr><th>Exception</th></tr><tr><td><div class="stacktrace">java.lang.RuntimeException: Test not implemented
	at com.stepDefinitions.aboutPageStepDefinitionsTest.the_user_click_a_edit_buttonTest(aboutPageStepDefinitionsTest.java:79)
	at java.base/java.util.concurrent.ThreadPoolExecutor.runWorker(ThreadPoolExecutor.java:1144)
	at java.base/java.util.concurrent.ThreadPoolExecutor$Worker.run(ThreadPoolExecutor.java:642)
	at java.base/java.lang.Thread.run(Thread.java:1623)
... Removed 10 stack frames</div></td></tr></table><p class="totop"><a href="#summary">back to summary</a></p>
<h3 id="m15">com.stepDefinitions.aboutPageStepDefinitionsTest#the_user_click_an_view_my_accountTest</h3><table class="result"><tr><th>Exception</th></tr><tr><td><div class="stacktrace">java.lang.RuntimeException: Test not implemented
	at com.stepDefinitions.aboutPageStepDefinitionsTest.the_user_click_an_view_my_accountTest(aboutPageStepDefinitionsTest.java:84)
	at java.base/java.util.concurrent.ThreadPoolExecutor.runWorker(ThreadPoolExecutor.java:1144)
	at java.base/java.util.concurrent.ThreadPoolExecutor$Worker.run(ThreadPoolExecutor.java:642)
	at java.base/java.lang.Thread.run(Thread.java:1623)
... Removed 10 stack frames</div></td></tr></table><p class="totop"><a href="#summary">back to summary</a></p>
<h3 id="m16">com.stepDefinitions.aboutPageStepDefinitionsTest#the_user_click_on_my_accountTest</h3><table class="result"><tr><th>Exception</th></tr><tr><td><div class="stacktrace">java.lang.RuntimeException: Test not implemented
	at com.stepDefinitions.aboutPageStepDefinitionsTest.the_user_click_on_my_accountTest(aboutPageStepDefinitionsTest.java:89)
	at java.base/java.util.concurrent.ThreadPoolExecutor.runWorker(ThreadPoolExecutor.java:1144)
	at java.base/java.util.concurrent.ThreadPoolExecutor$Worker.run(ThreadPoolExecutor.java:642)
	at java.base/java.lang.Thread.run(Thread.java:1623)
... Removed 10 stack frames</div></td></tr></table><p class="totop"><a href="#summary">back to summary</a></p>
<h3 id="m17">com.stepDefinitions.aboutPageStepDefinitionsTest#the_user_clicks_on_board_of_directorsTest</h3><table class="result"><tr><th>Exception</th></tr><tr><td><div class="stacktrace">java.lang.RuntimeException: Test not implemented
	at com.stepDefinitions.aboutPageStepDefinitionsTest.the_user_clicks_on_board_of_directorsTest(aboutPageStepDefinitionsTest.java:94)
	at java.base/java.util.concurrent.ThreadPoolExecutor.runWorker(ThreadPoolExecutor.java:1144)
	at java.base/java.util.concurrent.ThreadPoolExecutor$Worker.run(ThreadPoolExecutor.java:642)
	at java.base/java.lang.Thread.run(Thread.java:1623)
... Removed 10 stack frames</div></td></tr></table><p class="totop"><a href="#summary">back to summary</a></p>
<h3 id="m18">com.stepDefinitions.aboutPageStepDefinitionsTest#the_user_clicks_on_policiesTest</h3><table class="result"><tr><th>Exception</th></tr><tr><td><div class="stacktrace">java.lang.RuntimeException: Test not implemented
	at com.stepDefinitions.aboutPageStepDefinitionsTest.the_user_clicks_on_policiesTest(aboutPageStepDefinitionsTest.java:99)
	at java.base/java.util.concurrent.ThreadPoolExecutor.runWorker(ThreadPoolExecutor.java:1144)
	at java.base/java.util.concurrent.ThreadPoolExecutor$Worker.run(ThreadPoolExecutor.java:642)
	at java.base/java.lang.Thread.run(Thread.java:1623)
... Removed 10 stack frames</div></td></tr></table><p class="totop"><a href="#summary">back to summary</a></p>
<h3 id="m19">com.stepDefinitions.aboutPageStepDefinitionsTest#the_user_clicks_on_the_flightsTest</h3><table class="result"><tr><th>Exception</th></tr><tr><td><div class="stacktrace">java.lang.RuntimeException: Test not implemented
	at com.stepDefinitions.aboutPageStepDefinitionsTest.the_user_clicks_on_the_flightsTest(aboutPageStepDefinitionsTest.java:104)
	at java.base/java.util.concurrent.ThreadPoolExecutor.runWorker(ThreadPoolExecutor.java:1144)
	at java.base/java.util.concurrent.ThreadPoolExecutor$Worker.run(ThreadPoolExecutor.java:642)
	at java.base/java.lang.Thread.run(Thread.java:1623)
... Removed 10 stack frames</div></td></tr></table><p class="totop"><a href="#summary">back to summary</a></p>
<h3 id="m20">com.stepDefinitions.aboutPageStepDefinitionsTest#the_user_get_board_directors_informationTest</h3><table class="result"><tr><th>Exception</th></tr><tr><td><div class="stacktrace">java.lang.RuntimeException: Test not implemented
	at com.stepDefinitions.aboutPageStepDefinitionsTest.the_user_get_board_directors_informationTest(aboutPageStepDefinitionsTest.java:109)
	at java.base/java.util.concurrent.ThreadPoolExecutor.runWorker(ThreadPoolExecutor.java:1144)
	at java.base/java.util.concurrent.ThreadPoolExecutor$Worker.run(ThreadPoolExecutor.java:642)
	at java.base/java.lang.Thread.run(Thread.java:1623)
... Removed 10 stack frames</div></td></tr></table><p class="totop"><a href="#summary">back to summary</a></p>
<h3 id="m21">com.stepDefinitions.aboutPageStepDefinitionsTest#the_user_gets_the_information_about_thomascookTest</h3><table class="result"><tr><th>Exception</th></tr><tr><td><div class="stacktrace">java.lang.RuntimeException: Test not implemented
	at com.stepDefinitions.aboutPageStepDefinitionsTest.the_user_gets_the_information_about_thomascookTest(aboutPageStepDefinitionsTest.java:114)
	at java.base/java.util.concurrent.ThreadPoolExecutor.runWorker(ThreadPoolExecutor.java:1144)
	at java.base/java.util.concurrent.ThreadPoolExecutor$Worker.run(ThreadPoolExecutor.java:642)
	at java.base/java.lang.Thread.run(Thread.java:1623)
... Removed 10 stack frames</div></td></tr></table><p class="totop"><a href="#summary">back to summary</a></p>
<h3 id="m22">com.stepDefinitions.aboutPageStepDefinitionsTest#the_user_gets_the_priacy_policy_informationTest</h3><table class="result"><tr><th>Exception</th></tr><tr><td><div class="stacktrace">java.lang.RuntimeException: Test not implemented
	at com.stepDefinitions.aboutPageStepDefinitionsTest.the_user_gets_the_priacy_policy_informationTest(aboutPageStepDefinitionsTest.java:119)
	at java.base/java.util.concurrent.ThreadPoolExecutor.runWorker(ThreadPoolExecutor.java:1144)
	at java.base/java.util.concurrent.ThreadPoolExecutor$Worker.run(ThreadPoolExecutor.java:642)
	at java.base/java.lang.Thread.run(Thread.java:1623)
... Removed 10 stack frames</div></td></tr></table><p class="totop"><a href="#summary">back to summary</a></p>
<h3 id="m23">com.stepDefinitions.aboutPageStepDefinitionsTest#the_user_select_a_departure_city_as_chennaiTest</h3><table class="result"><tr><th>Exception</th></tr><tr><td><div class="stacktrace">java.lang.RuntimeException: Test not implemented
	at com.stepDefinitions.aboutPageStepDefinitionsTest.the_user_select_a_departure_city_as_chennaiTest(aboutPageStepDefinitionsTest.java:124)
	at java.base/java.util.concurrent.ThreadPoolExecutor.runWorker(ThreadPoolExecutor.java:1144)
	at java.base/java.util.concurrent.ThreadPoolExecutor$Worker.run(ThreadPoolExecutor.java:642)
	at java.base/java.lang.Thread.run(Thread.java:1623)
... Removed 10 stack frames</div></td></tr></table><p class="totop"><a href="#summary">back to summary</a></p>
<h3 id="m24">com.stepDefinitions.aboutPageStepDefinitionsTest#the_user_select_a_duration_of_travel_less_than_nightsTest</h3><table class="result"><tr><th>Exception</th></tr><tr><td><div class="stacktrace">java.lang.RuntimeException: Test not implemented
	at com.stepDefinitions.aboutPageStepDefinitionsTest.the_user_select_a_duration_of_travel_less_than_nightsTest(aboutPageStepDefinitionsTest.java:129)
	at java.base/java.util.concurrent.ThreadPoolExecutor.runWorker(ThreadPoolExecutor.java:1144)
	at java.base/java.util.concurrent.ThreadPoolExecutor$Worker.run(ThreadPoolExecutor.java:642)
	at java.base/java.lang.Thread.run(Thread.java:1623)
... Removed 10 stack frames</div></td></tr></table><p class="totop"><a href="#summary">back to summary</a></p>
<h3 id="m25">com.stepDefinitions.aboutPageStepDefinitionsTest#the_user_select_a_europe_tour_packageTest</h3><table class="result"><tr><th>Exception</th></tr><tr><td><div class="stacktrace">java.lang.RuntimeException: Test not implemented
	at com.stepDefinitions.aboutPageStepDefinitionsTest.the_user_select_a_europe_tour_packageTest(aboutPageStepDefinitionsTest.java:134)
	at java.base/java.util.concurrent.ThreadPoolExecutor.runWorker(ThreadPoolExecutor.java:1144)
	at java.base/java.util.concurrent.ThreadPoolExecutor$Worker.run(ThreadPoolExecutor.java:642)
	at java.base/java.lang.Thread.run(Thread.java:1623)
... Removed 10 stack frames</div></td></tr></table><p class="totop"><a href="#summary">back to summary</a></p>
<h3 id="m26">com.stepDefinitions.aboutPageStepDefinitionsTest#the_user_select_a_month_of_travel_as_febTest</h3><table class="result"><tr><th>Exception</th></tr><tr><td><div class="stacktrace">java.lang.RuntimeException: Test not implemented
	at com.stepDefinitions.aboutPageStepDefinitionsTest.the_user_select_a_month_of_travel_as_febTest(aboutPageStepDefinitionsTest.java:139)
	at java.base/java.util.concurrent.ThreadPoolExecutor.runWorker(ThreadPoolExecutor.java:1144)
	at java.base/java.util.concurrent.ThreadPoolExecutor$Worker.run(ThreadPoolExecutor.java:642)
	at java.base/java.lang.Thread.run(Thread.java:1623)
... Removed 10 stack frames</div></td></tr></table><p class="totop"><a href="#summary">back to summary</a></p>
<h3 id="m27">com.stepDefinitions.aboutPageStepDefinitionsTest#the_user_select_a_package_type_without_a_flightTest</h3><table class="result"><tr><th>Exception</th></tr><tr><td><div class="stacktrace">java.lang.RuntimeException: Test not implemented
	at com.stepDefinitions.aboutPageStepDefinitionsTest.the_user_select_a_package_type_without_a_flightTest(aboutPageStepDefinitionsTest.java:144)
	at java.base/java.util.concurrent.ThreadPoolExecutor.runWorker(ThreadPoolExecutor.java:1144)
	at java.base/java.util.concurrent.ThreadPoolExecutor$Worker.run(ThreadPoolExecutor.java:642)
	at java.base/java.lang.Thread.run(Thread.java:1623)
... Removed 10 stack frames</div></td></tr></table><p class="totop"><a href="#summary">back to summary</a></p>
<h3 id="m28">com.stepDefinitions.aboutPageStepDefinitionsTest#the_user_select_the_city_marvel_of_georgiaTest</h3><table class="result"><tr><th>Exception</th></tr><tr><td><div class="stacktrace">java.lang.RuntimeException: Test not implemented
	at com.stepDefinitions.aboutPageStepDefinitionsTest.the_user_select_the_city_marvel_of_georgiaTest(aboutPageStepDefinitionsTest.java:149)
	at java.base/java.util.concurrent.ThreadPoolExecutor.runWorker(ThreadPoolExecutor.java:1144)
	at java.base/java.util.concurrent.ThreadPoolExecutor$Worker.run(ThreadPoolExecutor.java:642)
	at java.base/java.lang.Thread.run(Thread.java:1623)
... Removed 10 stack frames</div></td></tr></table><p class="totop"><a href="#summary">back to summary</a></p>
<h3 id="m29">com.stepDefinitions.aboutPageStepDefinitionsTest#the_user_select_theme_with_a_familyTest</h3><table class="result"><tr><th>Exception</th></tr><tr><td><div class="stacktrace">java.lang.RuntimeException: Test not implemented
	at com.stepDefinitions.aboutPageStepDefinitionsTest.the_user_select_theme_with_a_familyTest(aboutPageStepDefinitionsTest.java:154)
	at java.base/java.util.concurrent.ThreadPoolExecutor.runWorker(ThreadPoolExecutor.java:1144)
	at java.base/java.util.concurrent.ThreadPoolExecutor$Worker.run(ThreadPoolExecutor.java:642)
	at java.base/java.lang.Thread.run(Thread.java:1623)
... Removed 10 stack frames</div></td></tr></table><p class="totop"><a href="#summary">back to summary</a></p>
<h3 id="m30">com.stepDefinitions.aboutPageStepDefinitionsTest#user_click_a_save_buttonTest</h3><table class="result"><tr><th>Exception</th></tr><tr><td><div class="stacktrace">java.lang.RuntimeException: Test not implemented
	at com.stepDefinitions.aboutPageStepDefinitionsTest.user_click_a_save_buttonTest(aboutPageStepDefinitionsTest.java:159)
	at java.base/java.util.concurrent.ThreadPoolExecutor.runWorker(ThreadPoolExecutor.java:1144)
	at java.base/java.util.concurrent.ThreadPoolExecutor$Worker.run(ThreadPoolExecutor.java:642)
	at java.base/java.lang.Thread.run(Thread.java:1623)
... Removed 10 stack frames</div></td></tr></table><p class="totop"><a href="#summary">back to summary</a></p>
<h3 id="m31">com.stepDefinitions.aboutPageStepDefinitionsTest#user_clicks_on_about_usTest</h3><table class="result"><tr><th>Exception</th></tr><tr><td><div class="stacktrace">java.lang.RuntimeException: Test not implemented
	at com.stepDefinitions.aboutPageStepDefinitionsTest.user_clicks_on_about_usTest(aboutPageStepDefinitionsTest.java:164)
	at java.base/java.util.concurrent.ThreadPoolExecutor.runWorker(ThreadPoolExecutor.java:1144)
	at java.base/java.util.concurrent.ThreadPoolExecutor$Worker.run(ThreadPoolExecutor.java:642)
	at java.base/java.lang.Thread.run(Thread.java:1623)
... Removed 10 stack frames</div></td></tr></table><p class="totop"><a href="#summary">back to summary</a></p>
<h3 id="m32">com.stepDefinitions.aboutPageStepDefinitionsTest#user_clicks_on_loginbuttonTest</h3><table class="result"><tr><th>Exception</th></tr><tr><td><div class="stacktrace">java.lang.RuntimeException: Test not implemented
	at com.stepDefinitions.aboutPageStepDefinitionsTest.user_clicks_on_loginbuttonTest(aboutPageStepDefinitionsTest.java:169)
	at java.base/java.util.concurrent.ThreadPoolExecutor.runWorker(ThreadPoolExecutor.java:1144)
	at java.base/java.util.concurrent.ThreadPoolExecutor$Worker.run(ThreadPoolExecutor.java:642)
	at java.base/java.lang.Thread.run(Thread.java:1623)
... Removed 10 stack frames</div></td></tr></table><p class="totop"><a href="#summary">back to summary</a></p>
<h3 id="m33">com.stepDefinitions.aboutPageStepDefinitionsTest#user_clicks_on_modify_buttonTest</h3><table class="result"><tr><th>Exception</th></tr><tr><td><div class="stacktrace">java.lang.RuntimeException: Test not implemented
	at com.stepDefinitions.aboutPageStepDefinitionsTest.user_clicks_on_modify_buttonTest(aboutPageStepDefinitionsTest.java:174)
	at java.base/java.util.concurrent.ThreadPoolExecutor.runWorker(ThreadPoolExecutor.java:1144)
	at java.base/java.util.concurrent.ThreadPoolExecutor$Worker.run(ThreadPoolExecutor.java:642)
	at java.base/java.lang.Thread.run(Thread.java:1623)
... Removed 10 stack frames</div></td></tr></table><p class="totop"><a href="#summary">back to summary</a></p>
<h3 id="m34">com.stepDefinitions.aboutPageStepDefinitionsTest#user_clicks_on_modify_search_to_change_date_and_departure_cityTest</h3><table class="result"><tr><th>Exception</th></tr><tr><td><div class="stacktrace">java.lang.RuntimeException: Test not implemented
	at com.stepDefinitions.aboutPageStepDefinitionsTest.user_clicks_on_modify_search_to_change_date_and_departure_cityTest(aboutPageStepDefinitionsTest.java:179)
	at java.base/java.util.concurrent.ThreadPoolExecutor.runWorker(ThreadPoolExecutor.java:1144)
	at java.base/java.util.concurrent.ThreadPoolExecutor$Worker.run(ThreadPoolExecutor.java:642)
	at java.base/java.lang.Thread.run(Thread.java:1623)
... Removed 10 stack frames</div></td></tr></table><p class="totop"><a href="#summary">back to summary</a></p>
<h3 id="m35">com.stepDefinitions.aboutPageStepDefinitionsTest#user_clicks_on_the_oneway_tripTest</h3><table class="result"><tr><th>Exception</th></tr><tr><td><div class="stacktrace">java.lang.RuntimeException: Test not implemented
	at com.stepDefinitions.aboutPageStepDefinitionsTest.user_clicks_on_the_oneway_tripTest(aboutPageStepDefinitionsTest.java:184)
	at java.base/java.util.concurrent.ThreadPoolExecutor.runWorker(ThreadPoolExecutor.java:1144)
	at java.base/java.util.concurrent.ThreadPoolExecutor$Worker.run(ThreadPoolExecutor.java:642)
	at java.base/java.lang.Thread.run(Thread.java:1623)
... Removed 10 stack frames</div></td></tr></table><p class="totop"><a href="#summary">back to summary</a></p>
<h3 id="m36">com.stepDefinitions.aboutPageStepDefinitionsTest#user_clicks_on_the_search_buttonTest</h3><table class="result"><tr><th>Exception</th></tr><tr><td><div class="stacktrace">java.lang.RuntimeException: Test not implemented
	at com.stepDefinitions.aboutPageStepDefinitionsTest.user_clicks_on_the_search_buttonTest(aboutPageStepDefinitionsTest.java:189)
	at java.base/java.util.concurrent.ThreadPoolExecutor.runWorker(ThreadPoolExecutor.java:1144)
	at java.base/java.util.concurrent.ThreadPoolExecutor$Worker.run(ThreadPoolExecutor.java:642)
	at java.base/java.lang.Thread.run(Thread.java:1623)
... Removed 10 stack frames</div></td></tr></table><p class="totop"><a href="#summary">back to summary</a></p>
<h3 id="m37">com.stepDefinitions.aboutPageStepDefinitionsTest#user_clicks_on_the_search_flight_buttonTest</h3><table class="result"><tr><th>Exception</th></tr><tr><td><div class="stacktrace">java.lang.RuntimeException: Test not implemented
	at com.stepDefinitions.aboutPageStepDefinitionsTest.user_clicks_on_the_search_flight_buttonTest(aboutPageStepDefinitionsTest.java:194)
	at java.base/java.util.concurrent.ThreadPoolExecutor.runWorker(ThreadPoolExecutor.java:1144)
	at java.base/java.util.concurrent.ThreadPoolExecutor$Worker.run(ThreadPoolExecutor.java:642)
	at java.base/java.lang.Thread.run(Thread.java:1623)
... Removed 10 stack frames</div></td></tr></table><p class="totop"><a href="#summary">back to summary</a></p>
<h3 id="m38">com.stepDefinitions.aboutPageStepDefinitionsTest#user_clicks_register_buttonTest</h3><table class="result"><tr><th>Exception</th></tr><tr><td><div class="stacktrace">java.lang.RuntimeException: Test not implemented
	at com.stepDefinitions.aboutPageStepDefinitionsTest.user_clicks_register_buttonTest(aboutPageStepDefinitionsTest.java:199)
	at java.base/java.util.concurrent.ThreadPoolExecutor.runWorker(ThreadPoolExecutor.java:1144)
	at java.base/java.util.concurrent.ThreadPoolExecutor$Worker.run(ThreadPoolExecutor.java:642)
	at java.base/java.lang.Thread.run(Thread.java:1623)
... Removed 10 stack frames</div></td></tr></table><p class="totop"><a href="#summary">back to summary</a></p>
<h3 id="m39">com.stepDefinitions.aboutPageStepDefinitionsTest#user_clicks_the_cruise_buttonTest</h3><table class="result"><tr><th>Exception</th></tr><tr><td><div class="stacktrace">java.lang.RuntimeException: Test not implemented
	at com.stepDefinitions.aboutPageStepDefinitionsTest.user_clicks_the_cruise_buttonTest(aboutPageStepDefinitionsTest.java:204)
	at java.base/java.util.concurrent.ThreadPoolExecutor.runWorker(ThreadPoolExecutor.java:1144)
	at java.base/java.util.concurrent.ThreadPoolExecutor$Worker.run(ThreadPoolExecutor.java:642)
	at java.base/java.lang.Thread.run(Thread.java:1623)
... Removed 10 stack frames</div></td></tr></table><p class="totop"><a href="#summary">back to summary</a></p>
<h3 id="m40">com.stepDefinitions.aboutPageStepDefinitionsTest#user_clicks_the_dateTest</h3><table class="result"><tr><th>Exception</th></tr><tr><td><div class="stacktrace">java.lang.RuntimeException: Test not implemented
	at com.stepDefinitions.aboutPageStepDefinitionsTest.user_clicks_the_dateTest(aboutPageStepDefinitionsTest.java:209)
	at java.base/java.util.concurrent.ThreadPoolExecutor.runWorker(ThreadPoolExecutor.java:1144)
	at java.base/java.util.concurrent.ThreadPoolExecutor$Worker.run(ThreadPoolExecutor.java:642)
	at java.base/java.lang.Thread.run(Thread.java:1623)
... Removed 10 stack frames</div></td></tr></table><p class="totop"><a href="#summary">back to summary</a></p>
<h3 id="m41">com.stepDefinitions.aboutPageStepDefinitionsTest#user_clicks_the_login_button_on_top_right_corner_of_homepageTest</h3><table class="result"><tr><th>Exception</th></tr><tr><td><div class="stacktrace">java.lang.RuntimeException: Test not implemented
	at com.stepDefinitions.aboutPageStepDefinitionsTest.user_clicks_the_login_button_on_top_right_corner_of_homepageTest(aboutPageStepDefinitionsTest.java:214)
	at java.base/java.util.concurrent.ThreadPoolExecutor.runWorker(ThreadPoolExecutor.java:1144)
	at java.base/java.util.concurrent.ThreadPoolExecutor$Worker.run(ThreadPoolExecutor.java:642)
	at java.base/java.lang.Thread.run(Thread.java:1623)
... Removed 10 stack frames</div></td></tr></table><p class="totop"><a href="#summary">back to summary</a></p>
<h3 id="m42">com.stepDefinitions.aboutPageStepDefinitionsTest#user_enters_the_EmailTest</h3><table class="result"><tr><th>Exception</th></tr><tr><td><div class="stacktrace">java.lang.RuntimeException: Test not implemented
	at com.stepDefinitions.aboutPageStepDefinitionsTest.user_enters_the_EmailTest(aboutPageStepDefinitionsTest.java:219)
	at java.base/java.util.concurrent.ThreadPoolExecutor.runWorker(ThreadPoolExecutor.java:1144)
	at java.base/java.util.concurrent.ThreadPoolExecutor$Worker.run(ThreadPoolExecutor.java:642)
	at java.base/java.lang.Thread.run(Thread.java:1623)
... Removed 10 stack frames</div></td></tr></table><p class="totop"><a href="#summary">back to summary</a></p>
<h3 id="m43">com.stepDefinitions.aboutPageStepDefinitionsTest#user_enters_the_PasswordTest</h3><table class="result"><tr><th>Exception</th></tr><tr><td><div class="stacktrace">java.lang.RuntimeException: Test not implemented
	at com.stepDefinitions.aboutPageStepDefinitionsTest.user_enters_the_PasswordTest(aboutPageStepDefinitionsTest.java:224)
	at java.base/java.util.concurrent.ThreadPoolExecutor.runWorker(ThreadPoolExecutor.java:1144)
	at java.base/java.util.concurrent.ThreadPoolExecutor$Worker.run(ThreadPoolExecutor.java:642)
	at java.base/java.lang.Thread.run(Thread.java:1623)
... Removed 10 stack frames</div></td></tr></table><p class="totop"><a href="#summary">back to summary</a></p>
<h3 id="m44">com.stepDefinitions.aboutPageStepDefinitionsTest#user_enters_the_valid_email_id_in_popup_which_shownTest</h3><table class="result"><tr><th>Exception</th></tr><tr><td><div class="stacktrace">java.lang.RuntimeException: Test not implemented
	at com.stepDefinitions.aboutPageStepDefinitionsTest.user_enters_the_valid_email_id_in_popup_which_shownTest(aboutPageStepDefinitionsTest.java:229)
	at java.base/java.util.concurrent.ThreadPoolExecutor.runWorker(ThreadPoolExecutor.java:1144)
	at java.base/java.util.concurrent.ThreadPoolExecutor$Worker.run(ThreadPoolExecutor.java:642)
	at java.base/java.lang.Thread.run(Thread.java:1623)
... Removed 10 stack frames</div></td></tr></table><p class="totop"><a href="#summary">back to summary</a></p>
<h3 id="m45">com.stepDefinitions.aboutPageStepDefinitionsTest#user_enters_the_valid_passwordTest</h3><table class="result"><tr><th>Exception</th></tr><tr><td><div class="stacktrace">java.lang.RuntimeException: Test not implemented
	at com.stepDefinitions.aboutPageStepDefinitionsTest.user_enters_the_valid_passwordTest(aboutPageStepDefinitionsTest.java:234)
	at java.base/java.util.concurrent.ThreadPoolExecutor.runWorker(ThreadPoolExecutor.java:1144)
	at java.base/java.util.concurrent.ThreadPoolExecutor$Worker.run(ThreadPoolExecutor.java:642)
	at java.base/java.lang.Thread.run(Thread.java:1623)
... Removed 10 stack frames</div></td></tr></table><p class="totop"><a href="#summary">back to summary</a></p>
<h3 id="m46">com.stepDefinitions.aboutPageStepDefinitionsTest#user_fills_in_their_detailsTest</h3><table class="result"><tr><th>Exception</th></tr><tr><td><div class="stacktrace">java.lang.RuntimeException: Test not implemented
	at com.stepDefinitions.aboutPageStepDefinitionsTest.user_fills_in_their_detailsTest(aboutPageStepDefinitionsTest.java:239)
	at java.base/java.util.concurrent.ThreadPoolExecutor.runWorker(ThreadPoolExecutor.java:1144)
	at java.base/java.util.concurrent.ThreadPoolExecutor$Worker.run(ThreadPoolExecutor.java:642)
	at java.base/java.lang.Thread.run(Thread.java:1623)
... Removed 10 stack frames</div></td></tr></table><p class="totop"><a href="#summary">back to summary</a></p>
<h3 id="m47">com.stepDefinitions.aboutPageStepDefinitionsTest#user_gets_search_results_for_the_searchTest</h3><table class="result"><tr><th>Exception</th></tr><tr><td><div class="stacktrace">java.lang.RuntimeException: Test not implemented
	at com.stepDefinitions.aboutPageStepDefinitionsTest.user_gets_search_results_for_the_searchTest(aboutPageStepDefinitionsTest.java:244)
	at java.base/java.util.concurrent.ThreadPoolExecutor.runWorker(ThreadPoolExecutor.java:1144)
	at java.base/java.util.concurrent.ThreadPoolExecutor$Worker.run(ThreadPoolExecutor.java:642)
	at java.base/java.lang.Thread.run(Thread.java:1623)
... Removed 10 stack frames</div></td></tr></table><p class="totop"><a href="#summary">back to summary</a></p>
<h3 id="m48">com.stepDefinitions.aboutPageStepDefinitionsTest#user_gives_place_nameTest</h3><table class="result"><tr><th>Exception</th></tr><tr><td><div class="stacktrace">java.lang.RuntimeException: Test not implemented
	at com.stepDefinitions.aboutPageStepDefinitionsTest.user_gives_place_nameTest(aboutPageStepDefinitionsTest.java:249)
	at java.base/java.util.concurrent.ThreadPoolExecutor.runWorker(ThreadPoolExecutor.java:1144)
	at java.base/java.util.concurrent.ThreadPoolExecutor$Worker.run(ThreadPoolExecutor.java:642)
	at java.base/java.lang.Thread.run(Thread.java:1623)
... Removed 10 stack frames</div></td></tr></table><p class="totop"><a href="#summary">back to summary</a></p>
<h3 id="m49">com.stepDefinitions.aboutPageStepDefinitionsTest#user_gives_the_from_locationTest</h3><table class="result"><tr><th>Exception</th></tr><tr><td><div class="stacktrace">java.lang.RuntimeException: Test not implemented
	at com.stepDefinitions.aboutPageStepDefinitionsTest.user_gives_the_from_locationTest(aboutPageStepDefinitionsTest.java:254)
	at java.base/java.util.concurrent.ThreadPoolExecutor.runWorker(ThreadPoolExecutor.java:1144)
	at java.base/java.util.concurrent.ThreadPoolExecutor$Worker.run(ThreadPoolExecutor.java:642)
	at java.base/java.lang.Thread.run(Thread.java:1623)
... Removed 10 stack frames</div></td></tr></table><p class="totop"><a href="#summary">back to summary</a></p>
<h3 id="m50">com.stepDefinitions.aboutPageStepDefinitionsTest#user_gives_the_to_locationTest</h3><table class="result"><tr><th>Exception</th></tr><tr><td><div class="stacktrace">java.lang.RuntimeException: Test not implemented
	at com.stepDefinitions.aboutPageStepDefinitionsTest.user_gives_the_to_locationTest(aboutPageStepDefinitionsTest.java:259)
	at java.base/java.util.concurrent.ThreadPoolExecutor.runWorker(ThreadPoolExecutor.java:1144)
	at java.base/java.util.concurrent.ThreadPoolExecutor$Worker.run(ThreadPoolExecutor.java:642)
	at java.base/java.lang.Thread.run(Thread.java:1623)
... Removed 10 stack frames</div></td></tr></table><p class="totop"><a href="#summary">back to summary</a></p>
<h3 id="m51">com.stepDefinitions.aboutPageStepDefinitionsTest#user_is_in_the_thomasCOOK_pageTest</h3><table class="result"><tr><th>Exception</th></tr><tr><td><div class="stacktrace">java.lang.RuntimeException: Test not implemented
	at com.stepDefinitions.aboutPageStepDefinitionsTest.user_is_in_the_thomasCOOK_pageTest(aboutPageStepDefinitionsTest.java:264)
	at java.base/java.util.concurrent.ThreadPoolExecutor.runWorker(ThreadPoolExecutor.java:1144)
	at java.base/java.util.concurrent.ThreadPoolExecutor$Worker.run(ThreadPoolExecutor.java:642)
	at java.base/java.lang.Thread.run(Thread.java:1623)
... Removed 10 stack frames</div></td></tr></table><p class="totop"><a href="#summary">back to summary</a></p>
<h3 id="m52">com.stepDefinitions.aboutPageStepDefinitionsTest#user_is_in_the_thomascook_pageTest</h3><table class="result"><tr><th>Exception</th></tr><tr><td><div class="stacktrace">java.lang.RuntimeException: Test not implemented
	at com.stepDefinitions.aboutPageStepDefinitionsTest.user_is_in_the_thomascook_pageTest(aboutPageStepDefinitionsTest.java:269)
	at java.base/java.util.concurrent.ThreadPoolExecutor.runWorker(ThreadPoolExecutor.java:1144)
	at java.base/java.util.concurrent.ThreadPoolExecutor$Worker.run(ThreadPoolExecutor.java:642)
	at java.base/java.lang.Thread.run(Thread.java:1623)
... Removed 10 stack frames</div></td></tr></table><p class="totop"><a href="#summary">back to summary</a></p>
<h3 id="m53">com.stepDefinitions.aboutPageStepDefinitionsTest#user_is_in_the_thomascook_page_from_loginTest</h3><table class="result"><tr><th>Exception</th></tr><tr><td><div class="stacktrace">java.lang.RuntimeException: Test not implemented
	at com.stepDefinitions.aboutPageStepDefinitionsTest.user_is_in_the_thomascook_page_from_loginTest(aboutPageStepDefinitionsTest.java:274)
	at java.base/java.util.concurrent.ThreadPoolExecutor.runWorker(ThreadPoolExecutor.java:1144)
	at java.base/java.util.concurrent.ThreadPoolExecutor$Worker.run(ThreadPoolExecutor.java:642)
	at java.base/java.lang.Thread.run(Thread.java:1623)
... Removed 10 stack frames</div></td></tr></table><p class="totop"><a href="#summary">back to summary</a></p>
<h3 id="m54">com.stepDefinitions.aboutPageStepDefinitionsTest#user_is_navigated_to_homepage_with_user_logged_inTest</h3><table class="result"><tr><th>Exception</th></tr><tr><td><div class="stacktrace">java.lang.RuntimeException: Test not implemented
	at com.stepDefinitions.aboutPageStepDefinitionsTest.user_is_navigated_to_homepage_with_user_logged_inTest(aboutPageStepDefinitionsTest.java:279)
	at java.base/java.util.concurrent.ThreadPoolExecutor.runWorker(ThreadPoolExecutor.java:1144)
	at java.base/java.util.concurrent.ThreadPoolExecutor$Worker.run(ThreadPoolExecutor.java:642)
	at java.base/java.lang.Thread.run(Thread.java:1623)
... Removed 10 stack frames</div></td></tr></table><p class="totop"><a href="#summary">back to summary</a></p>
<h3 id="m55">com.stepDefinitions.aboutPageStepDefinitionsTest#user_is_on_thomascook_homepageTest</h3><table class="result"><tr><th>Exception</th></tr><tr><td><div class="stacktrace">java.lang.RuntimeException: Test not implemented
	at com.stepDefinitions.aboutPageStepDefinitionsTest.user_is_on_thomascook_homepageTest(aboutPageStepDefinitionsTest.java:284)
	at java.base/java.util.concurrent.ThreadPoolExecutor.runWorker(ThreadPoolExecutor.java:1144)
	at java.base/java.util.concurrent.ThreadPoolExecutor$Worker.run(ThreadPoolExecutor.java:642)
	at java.base/java.lang.Thread.run(Thread.java:1623)
... Removed 10 stack frames</div></td></tr></table><p class="totop"><a href="#summary">back to summary</a></p>
<h3 id="m56">com.stepDefinitions.aboutPageStepDefinitionsTest#user_is_on_thomascook_webpageTest</h3><table class="result"><tr><th>Exception</th></tr><tr><td><div class="stacktrace">java.lang.RuntimeException: Test not implemented
	at com.stepDefinitions.aboutPageStepDefinitionsTest.user_is_on_thomascook_webpageTest(aboutPageStepDefinitionsTest.java:289)
	at java.base/java.util.concurrent.ThreadPoolExecutor.runWorker(ThreadPoolExecutor.java:1144)
	at java.base/java.util.concurrent.ThreadPoolExecutor$Worker.run(ThreadPoolExecutor.java:642)
	at java.base/java.lang.Thread.run(Thread.java:1623)
... Removed 10 stack frames</div></td></tr></table><p class="totop"><a href="#summary">back to summary</a></p>
<h3 id="m57">com.stepDefinitions.aboutPageStepDefinitionsTest#user_is_on_thomascook_websiteTest</h3><table class="result"><tr><th>Exception</th></tr><tr><td><div class="stacktrace">java.lang.RuntimeException: Test not implemented
	at com.stepDefinitions.aboutPageStepDefinitionsTest.user_is_on_thomascook_websiteTest(aboutPageStepDefinitionsTest.java:294)
	at java.base/java.util.concurrent.ThreadPoolExecutor.runWorker(ThreadPoolExecutor.java:1144)
	at java.base/java.util.concurrent.ThreadPoolExecutor$Worker.run(ThreadPoolExecutor.java:642)
	at java.base/java.lang.Thread.run(Thread.java:1623)
... Removed 10 stack frames</div></td></tr></table><p class="totop"><a href="#summary">back to summary</a></p>
<h3 id="m58">com.stepDefinitions.aboutPageStepDefinitionsTest#user_recieve_the_modified_searchTest</h3><table class="result"><tr><th>Exception</th></tr><tr><td><div class="stacktrace">java.lang.RuntimeException: Test not implemented
	at com.stepDefinitions.aboutPageStepDefinitionsTest.user_recieve_the_modified_searchTest(aboutPageStepDefinitionsTest.java:304)
	at java.base/java.util.concurrent.ThreadPoolExecutor.runWorker(ThreadPoolExecutor.java:1144)
	at java.base/java.util.concurrent.ThreadPoolExecutor$Worker.run(ThreadPoolExecutor.java:642)
	at java.base/java.lang.Thread.run(Thread.java:1623)
... Removed 10 stack frames</div></td></tr></table><p class="totop"><a href="#summary">back to summary</a></p>
<h3 id="m59">com.stepDefinitions.aboutPageStepDefinitionsTest#user_selects_the_date_from_calendarTest</h3><table class="result"><tr><th>Exception</th></tr><tr><td><div class="stacktrace">java.lang.RuntimeException: Test not implemented
	at com.stepDefinitions.aboutPageStepDefinitionsTest.user_selects_the_date_from_calendarTest(aboutPageStepDefinitionsTest.java:309)
	at java.base/java.util.concurrent.ThreadPoolExecutor.runWorker(ThreadPoolExecutor.java:1144)
	at java.base/java.util.concurrent.ThreadPoolExecutor$Worker.run(ThreadPoolExecutor.java:642)
	at java.base/java.lang.Thread.run(Thread.java:1623)
... Removed 10 stack frames</div></td></tr></table><p class="totop"><a href="#summary">back to summary</a></p>
<h3 id="m60">com.stepDefinitions.aboutPageStepDefinitionsTest#user_selects_the_value_from_dropdownTest</h3><table class="result"><tr><th>Exception</th></tr><tr><td><div class="stacktrace">java.lang.RuntimeException: Test not implemented
	at com.stepDefinitions.aboutPageStepDefinitionsTest.user_selects_the_value_from_dropdownTest(aboutPageStepDefinitionsTest.java:314)
	at java.base/java.util.concurrent.ThreadPoolExecutor.runWorker(ThreadPoolExecutor.java:1144)
	at java.base/java.util.concurrent.ThreadPoolExecutor$Worker.run(ThreadPoolExecutor.java:642)
	at java.base/java.lang.Thread.run(Thread.java:1623)
... Removed 10 stack frames</div></td></tr></table><p class="totop"><a href="#summary">back to summary</a></p>
<h3 id="m61">com.stepDefinitions.aboutPageStepDefinitionsTest#user_sorts_the_searchTest</h3><table class="result"><tr><th>Exception</th></tr><tr><td><div class="stacktrace">java.lang.RuntimeException: Test not implemented
	at com.stepDefinitions.aboutPageStepDefinitionsTest.user_sorts_the_searchTest(aboutPageStepDefinitionsTest.java:319)
	at java.base/java.util.concurrent.ThreadPoolExecutor.runWorker(ThreadPoolExecutor.java:1144)
	at java.base/java.util.concurrent.ThreadPoolExecutor$Worker.run(ThreadPoolExecutor.java:642)
	at java.base/java.lang.Thread.run(Thread.java:1623)
... Removed 10 stack frames</div></td></tr></table><p class="totop"><a href="#summary">back to summary</a></p>
</body>
</html>
