<!DOCTYPE html>

<html>
  <head>
  <meta charset='utf-8'>
  <title>TestNG reports</title>

    <link type="text/css" href="testng-reports1.css" rel="stylesheet" id="ultra" />
    <link type="text/css" href="testng-reports.css" rel="stylesheet" id="retro" disabled="false"/>
    <script type="text/javascript" src="jquery-3.6.0.min.js"></script>
    <script type="text/javascript" src="testng-reports.js"></script>
    <script type="text/javascript" src="https://www.google.com/jsapi"></script>
    <script type='text/javascript'>
      google.load('visualization', '1', {packages:['table']});
      google.setOnLoadCallback(drawTable);
      var suiteTableInitFunctions = new Array();
      var suiteTableData = new Array();
    </script>
    <!--
      <script type="text/javascript" src="jquery-ui/js/jquery-ui-1.8.16.custom.min.js"></script>
     -->
  </head>

  <body>    <div class="top-banner-root">
      <span class="top-banner-title-font">Test results</span>
      <button id="button" class="button">Switch Retro Theme</button> <!-- button -->
      <br/>
      <span class="top-banner-font-1">1 suite, 62 failed tests</span>
    </div> <!-- top-banner-root -->
    <div class="navigator-root">
      <div class="navigator-suite-header">
        <span>All suites</span>
        <a href="#" title="Collapse/expand all the suites" class="collapse-all-link">
          <img src="collapseall.gif" class="collapse-all-icon">
          </img> <!-- collapse-all-icon -->
        </a> <!-- collapse-all-link -->
      </div> <!-- navigator-suite-header -->
      <div class="suite">
        <div class="rounded-window">
          <div class="suite-header light-rounded-window-top">
            <a href="#" panel-name="suite-Suite" class="navigator-link">
              <span class="suite-name border-failed">Suite</span>
            </a> <!-- navigator-link -->
          </div> <!-- suite-header light-rounded-window-top -->
          <div class="navigator-suite-content">
            <div class="suite-section-title">
              <span>Info</span>
            </div> <!-- suite-section-title -->
            <div class="suite-section-content">
              <ul>
                <li>
                  <a href="#" panel-name="test-xml-Suite" class="navigator-link ">
                    <span>C:\BlackSquad_PilotProject\Thomascook\testng.xml</span>
                  </a> <!-- navigator-link  -->
                </li>
                <li>
                  <a href="#" panel-name="testlist-Suite" class="navigator-link ">
                    <span class="test-stats">1 test</span>
                  </a> <!-- navigator-link  -->
                </li>
                <li>
                  <a href="#" panel-name="group-Suite" class="navigator-link ">
                    <span>0 groups</span>
                  </a> <!-- navigator-link  -->
                </li>
                <li>
                  <a href="#" panel-name="times-Suite" class="navigator-link ">
                    <span>Times</span>
                  </a> <!-- navigator-link  -->
                </li>
                <li>
                  <a href="#" panel-name="reporter-Suite" class="navigator-link ">
                    <span>Reporter output</span>
                  </a> <!-- navigator-link  -->
                </li>
                <li>
                  <a href="#" panel-name="ignored-methods-Suite" class="navigator-link ">
                    <span>Ignored methods</span>
                  </a> <!-- navigator-link  -->
                </li>
                <li>
                  <a href="#" panel-name="chronological-Suite" class="navigator-link ">
                    <span>Chronological view</span>
                  </a> <!-- navigator-link  -->
                </li>
              </ul>
            </div> <!-- suite-section-content -->
            <div class="result-section">
              <div class="suite-section-title">
                <span>Results</span>
              </div> <!-- suite-section-title -->
              <div class="suite-section-content">
                <ul>
                  <li>
                    <span class="method-stats">62 methods, 62 failed,   </span>
                  </li>
                  <li>
                    <span class="method-list-title failed">Failed methods</span>
                    <span class="show-or-hide-methods failed">
                      <a href="#" panel-name="suite-Suite" class="hide-methods failed suite-Suite"> (hide)</a> <!-- hide-methods failed suite-Suite -->
                      <a href="#" panel-name="suite-Suite" class="show-methods failed suite-Suite"> (show)</a> <!-- show-methods failed suite-Suite -->
                    </span>
                    <div class="method-list-content failed suite-Suite">
                      <span>
                        <img src="failed.png" width="3%"/>
                        <a href="#" panel-name="suite-Suite" title="com.stepDefinitions.aboutPageStepDefinitionsTest" class="method navigator-link" hash-for-method="again_user_clicks_login_button_shows_in_drop_downTest">again_user_clicks_login_button_shows_in_drop_downTest</a> <!-- method navigator-link -->
                      </span>
                      <br/>
                      <span>
                        <img src="failed.png" width="3%"/>
                        <a href="#" panel-name="suite-Suite" title="com.stepDefinitions.aboutPageStepDefinitionsTest" class="method navigator-link" hash-for-method="changes_successfull_message_is_displayedTest">changes_successfull_message_is_displayedTest</a> <!-- method navigator-link -->
                      </span>
                      <br/>
                      <span>
                        <img src="failed.png" width="3%"/>
                        <a href="#" panel-name="suite-Suite" title="com.stepDefinitions.aboutPageStepDefinitionsTest" class="method navigator-link" hash-for-method="clicks_on_registerTest">clicks_on_registerTest</a> <!-- method navigator-link -->
                      </span>
                      <br/>
                      <span>
                        <img src="failed.png" width="3%"/>
                        <a href="#" panel-name="suite-Suite" title="com.stepDefinitions.aboutPageStepDefinitionsTest" class="method navigator-link" hash-for-method="clicks_search_buttonTest">clicks_search_buttonTest</a> <!-- method navigator-link -->
                      </span>
                      <br/>
                      <span>
                        <img src="failed.png" width="3%"/>
                        <a href="#" panel-name="suite-Suite" title="com.stepDefinitions.aboutPageStepDefinitionsTest" class="method navigator-link" hash-for-method="cruisePageStepDefinitionTest">cruisePageStepDefinitionTest</a> <!-- method navigator-link -->
                      </span>
                      <br/>
                      <span>
                        <img src="failed.png" width="3%"/>
                        <a href="#" panel-name="suite-Suite" title="com.stepDefinitions.aboutPageStepDefinitionsTest" class="method navigator-link" hash-for-method="customer_is_on_thomascook_pageTest">customer_is_on_thomascook_pageTest</a> <!-- method navigator-link -->
                      </span>
                      <br/>
                      <span>
                        <img src="failed.png" width="3%"/>
                        <a href="#" panel-name="suite-Suite" title="com.stepDefinitions.aboutPageStepDefinitionsTest" class="method navigator-link" hash-for-method="finally_user_clicks_the_loginbutton_and_user_in_homepage_of_registered_userTest">finally_user_clicks_the_loginbutton_and_user_in_homepage_of_registered_userTest</a> <!-- method navigator-link -->
                      </span>
                      <br/>
                      <span>
                        <img src="failed.png" width="3%"/>
                        <a href="#" panel-name="suite-Suite" title="com.stepDefinitions.aboutPageStepDefinitionsTest" class="method navigator-link" hash-for-method="i_want_to_select_a_holiday_categoryTest">i_want_to_select_a_holiday_categoryTest</a> <!-- method navigator-link -->
                      </span>
                      <br/>
                      <span>
                        <img src="failed.png" width="3%"/>
                        <a href="#" panel-name="suite-Suite" title="com.stepDefinitions.aboutPageStepDefinitionsTest" class="method navigator-link" hash-for-method="selects_budgetTest">selects_budgetTest</a> <!-- method navigator-link -->
                      </span>
                      <br/>
                      <span>
                        <img src="failed.png" width="3%"/>
                        <a href="#" panel-name="suite-Suite" title="com.stepDefinitions.aboutPageStepDefinitionsTest" class="method navigator-link" hash-for-method="selects_month_of_travelTest">selects_month_of_travelTest</a> <!-- method navigator-link -->
                      </span>
                      <br/>
                      <span>
                        <img src="failed.png" width="3%"/>
                        <a href="#" panel-name="suite-Suite" title="com.stepDefinitions.aboutPageStepDefinitionsTest" class="method navigator-link" hash-for-method="setupTest">setupTest</a> <!-- method navigator-link -->
                      </span>
                      <br/>
                      <span>
                        <img src="failed.png" width="3%"/>
                        <a href="#" panel-name="suite-Suite" title="com.stepDefinitions.aboutPageStepDefinitionsTest" class="method navigator-link" hash-for-method="tearDownTest">tearDownTest</a> <!-- method navigator-link -->
                      </span>
                      <br/>
                      <span>
                        <img src="failed.png" width="3%"/>
                        <a href="#" panel-name="suite-Suite" title="com.stepDefinitions.aboutPageStepDefinitionsTest" class="method navigator-link" hash-for-method="the_desired_tour_package_is_displayedTest">the_desired_tour_package_is_displayedTest</a> <!-- method navigator-link -->
                      </span>
                      <br/>
                      <span>
                        <img src="failed.png" width="3%"/>
                        <a href="#" panel-name="suite-Suite" title="com.stepDefinitions.aboutPageStepDefinitionsTest" class="method navigator-link" hash-for-method="the_user_changes_a_mobile_numberTest">the_user_changes_a_mobile_numberTest</a> <!-- method navigator-link -->
                      </span>
                      <br/>
                      <span>
                        <img src="failed.png" width="3%"/>
                        <a href="#" panel-name="suite-Suite" title="com.stepDefinitions.aboutPageStepDefinitionsTest" class="method navigator-link" hash-for-method="the_user_click_a_edit_buttonTest">the_user_click_a_edit_buttonTest</a> <!-- method navigator-link -->
                      </span>
                      <br/>
                      <span>
                        <img src="failed.png" width="3%"/>
                        <a href="#" panel-name="suite-Suite" title="com.stepDefinitions.aboutPageStepDefinitionsTest" class="method navigator-link" hash-for-method="the_user_click_an_view_my_accountTest">the_user_click_an_view_my_accountTest</a> <!-- method navigator-link -->
                      </span>
                      <br/>
                      <span>
                        <img src="failed.png" width="3%"/>
                        <a href="#" panel-name="suite-Suite" title="com.stepDefinitions.aboutPageStepDefinitionsTest" class="method navigator-link" hash-for-method="the_user_click_on_my_accountTest">the_user_click_on_my_accountTest</a> <!-- method navigator-link -->
                      </span>
                      <br/>
                      <span>
                        <img src="failed.png" width="3%"/>
                        <a href="#" panel-name="suite-Suite" title="com.stepDefinitions.aboutPageStepDefinitionsTest" class="method navigator-link" hash-for-method="the_user_clicks_on_board_of_directorsTest">the_user_clicks_on_board_of_directorsTest</a> <!-- method navigator-link -->
                      </span>
                      <br/>
                      <span>
                        <img src="failed.png" width="3%"/>
                        <a href="#" panel-name="suite-Suite" title="com.stepDefinitions.aboutPageStepDefinitionsTest" class="method navigator-link" hash-for-method="the_user_clicks_on_policiesTest">the_user_clicks_on_policiesTest</a> <!-- method navigator-link -->
                      </span>
                      <br/>
                      <span>
                        <img src="failed.png" width="3%"/>
                        <a href="#" panel-name="suite-Suite" title="com.stepDefinitions.aboutPageStepDefinitionsTest" class="method navigator-link" hash-for-method="the_user_clicks_on_the_flightsTest">the_user_clicks_on_the_flightsTest</a> <!-- method navigator-link -->
                      </span>
                      <br/>
                      <span>
                        <img src="failed.png" width="3%"/>
                        <a href="#" panel-name="suite-Suite" title="com.stepDefinitions.aboutPageStepDefinitionsTest" class="method navigator-link" hash-for-method="the_user_get_board_directors_informationTest">the_user_get_board_directors_informationTest</a> <!-- method navigator-link -->
                      </span>
                      <br/>
                      <span>
                        <img src="failed.png" width="3%"/>
                        <a href="#" panel-name="suite-Suite" title="com.stepDefinitions.aboutPageStepDefinitionsTest" class="method navigator-link" hash-for-method="the_user_gets_the_information_about_thomascookTest">the_user_gets_the_information_about_thomascookTest</a> <!-- method navigator-link -->
                      </span>
                      <br/>
                      <span>
                        <img src="failed.png" width="3%"/>
                        <a href="#" panel-name="suite-Suite" title="com.stepDefinitions.aboutPageStepDefinitionsTest" class="method navigator-link" hash-for-method="the_user_gets_the_priacy_policy_informationTest">the_user_gets_the_priacy_policy_informationTest</a> <!-- method navigator-link -->
                      </span>
                      <br/>
                      <span>
                        <img src="failed.png" width="3%"/>
                        <a href="#" panel-name="suite-Suite" title="com.stepDefinitions.aboutPageStepDefinitionsTest" class="method navigator-link" hash-for-method="the_user_select_a_departure_city_as_chennaiTest">the_user_select_a_departure_city_as_chennaiTest</a> <!-- method navigator-link -->
                      </span>
                      <br/>
                      <span>
                        <img src="failed.png" width="3%"/>
                        <a href="#" panel-name="suite-Suite" title="com.stepDefinitions.aboutPageStepDefinitionsTest" class="method navigator-link" hash-for-method="the_user_select_a_duration_of_travel_less_than_nightsTest">the_user_select_a_duration_of_travel_less_than_nightsTest</a> <!-- method navigator-link -->
                      </span>
                      <br/>
                      <span>
                        <img src="failed.png" width="3%"/>
                        <a href="#" panel-name="suite-Suite" title="com.stepDefinitions.aboutPageStepDefinitionsTest" class="method navigator-link" hash-for-method="the_user_select_a_europe_tour_packageTest">the_user_select_a_europe_tour_packageTest</a> <!-- method navigator-link -->
                      </span>
                      <br/>
                      <span>
                        <img src="failed.png" width="3%"/>
                        <a href="#" panel-name="suite-Suite" title="com.stepDefinitions.aboutPageStepDefinitionsTest" class="method navigator-link" hash-for-method="the_user_select_a_month_of_travel_as_febTest">the_user_select_a_month_of_travel_as_febTest</a> <!-- method navigator-link -->
                      </span>
                      <br/>
                      <span>
                        <img src="failed.png" width="3%"/>
                        <a href="#" panel-name="suite-Suite" title="com.stepDefinitions.aboutPageStepDefinitionsTest" class="method navigator-link" hash-for-method="the_user_select_a_package_type_without_a_flightTest">the_user_select_a_package_type_without_a_flightTest</a> <!-- method navigator-link -->
                      </span>
                      <br/>
                      <span>
                        <img src="failed.png" width="3%"/>
                        <a href="#" panel-name="suite-Suite" title="com.stepDefinitions.aboutPageStepDefinitionsTest" class="method navigator-link" hash-for-method="the_user_select_the_city_marvel_of_georgiaTest">the_user_select_the_city_marvel_of_georgiaTest</a> <!-- method navigator-link -->
                      </span>
                      <br/>
                      <span>
                        <img src="failed.png" width="3%"/>
                        <a href="#" panel-name="suite-Suite" title="com.stepDefinitions.aboutPageStepDefinitionsTest" class="method navigator-link" hash-for-method="the_user_select_theme_with_a_familyTest">the_user_select_theme_with_a_familyTest</a> <!-- method navigator-link -->
                      </span>
                      <br/>
                      <span>
                        <img src="failed.png" width="3%"/>
                        <a href="#" panel-name="suite-Suite" title="com.stepDefinitions.aboutPageStepDefinitionsTest" class="method navigator-link" hash-for-method="user_click_a_save_buttonTest">user_click_a_save_buttonTest</a> <!-- method navigator-link -->
                      </span>
                      <br/>
                      <span>
                        <img src="failed.png" width="3%"/>
                        <a href="#" panel-name="suite-Suite" title="com.stepDefinitions.aboutPageStepDefinitionsTest" class="method navigator-link" hash-for-method="user_clicks_on_about_usTest">user_clicks_on_about_usTest</a> <!-- method navigator-link -->
                      </span>
                      <br/>
                      <span>
                        <img src="failed.png" width="3%"/>
                        <a href="#" panel-name="suite-Suite" title="com.stepDefinitions.aboutPageStepDefinitionsTest" class="method navigator-link" hash-for-method="user_clicks_on_loginbuttonTest">user_clicks_on_loginbuttonTest</a> <!-- method navigator-link -->
                      </span>
                      <br/>
                      <span>
                        <img src="failed.png" width="3%"/>
                        <a href="#" panel-name="suite-Suite" title="com.stepDefinitions.aboutPageStepDefinitionsTest" class="method navigator-link" hash-for-method="user_clicks_on_modify_buttonTest">user_clicks_on_modify_buttonTest</a> <!-- method navigator-link -->
                      </span>
                      <br/>
                      <span>
                        <img src="failed.png" width="3%"/>
                        <a href="#" panel-name="suite-Suite" title="com.stepDefinitions.aboutPageStepDefinitionsTest" class="method navigator-link" hash-for-method="user_clicks_on_modify_search_to_change_date_and_departure_cityTest">user_clicks_on_modify_search_to_change_date_and_departure_cityTest</a> <!-- method navigator-link -->
                      </span>
                      <br/>
                      <span>
                        <img src="failed.png" width="3%"/>
                        <a href="#" panel-name="suite-Suite" title="com.stepDefinitions.aboutPageStepDefinitionsTest" class="method navigator-link" hash-for-method="user_clicks_on_the_oneway_tripTest">user_clicks_on_the_oneway_tripTest</a> <!-- method navigator-link -->
                      </span>
                      <br/>
                      <span>
                        <img src="failed.png" width="3%"/>
                        <a href="#" panel-name="suite-Suite" title="com.stepDefinitions.aboutPageStepDefinitionsTest" class="method navigator-link" hash-for-method="user_clicks_on_the_search_buttonTest">user_clicks_on_the_search_buttonTest</a> <!-- method navigator-link -->
                      </span>
                      <br/>
                      <span>
                        <img src="failed.png" width="3%"/>
                        <a href="#" panel-name="suite-Suite" title="com.stepDefinitions.aboutPageStepDefinitionsTest" class="method navigator-link" hash-for-method="user_clicks_on_the_search_flight_buttonTest">user_clicks_on_the_search_flight_buttonTest</a> <!-- method navigator-link -->
                      </span>
                      <br/>
                      <span>
                        <img src="failed.png" width="3%"/>
                        <a href="#" panel-name="suite-Suite" title="com.stepDefinitions.aboutPageStepDefinitionsTest" class="method navigator-link" hash-for-method="user_clicks_register_buttonTest">user_clicks_register_buttonTest</a> <!-- method navigator-link -->
                      </span>
                      <br/>
                      <span>
                        <img src="failed.png" width="3%"/>
                        <a href="#" panel-name="suite-Suite" title="com.stepDefinitions.aboutPageStepDefinitionsTest" class="method navigator-link" hash-for-method="user_clicks_the_cruise_buttonTest">user_clicks_the_cruise_buttonTest</a> <!-- method navigator-link -->
                      </span>
                      <br/>
                      <span>
                        <img src="failed.png" width="3%"/>
                        <a href="#" panel-name="suite-Suite" title="com.stepDefinitions.aboutPageStepDefinitionsTest" class="method navigator-link" hash-for-method="user_clicks_the_dateTest">user_clicks_the_dateTest</a> <!-- method navigator-link -->
                      </span>
                      <br/>
                      <span>
                        <img src="failed.png" width="3%"/>
                        <a href="#" panel-name="suite-Suite" title="com.stepDefinitions.aboutPageStepDefinitionsTest" class="method navigator-link" hash-for-method="user_clicks_the_login_button_on_top_right_corner_of_homepageTest">user_clicks_the_login_button_on_top_right_corner_of_homepageTest</a> <!-- method navigator-link -->
                      </span>
                      <br/>
                      <span>
                        <img src="failed.png" width="3%"/>
                        <a href="#" panel-name="suite-Suite" title="com.stepDefinitions.aboutPageStepDefinitionsTest" class="method navigator-link" hash-for-method="user_enters_the_EmailTest">user_enters_the_EmailTest</a> <!-- method navigator-link -->
                      </span>
                      <br/>
                      <span>
                        <img src="failed.png" width="3%"/>
                        <a href="#" panel-name="suite-Suite" title="com.stepDefinitions.aboutPageStepDefinitionsTest" class="method navigator-link" hash-for-method="user_enters_the_PasswordTest">user_enters_the_PasswordTest</a> <!-- method navigator-link -->
                      </span>
                      <br/>
                      <span>
                        <img src="failed.png" width="3%"/>
                        <a href="#" panel-name="suite-Suite" title="com.stepDefinitions.aboutPageStepDefinitionsTest" class="method navigator-link" hash-for-method="user_enters_the_valid_email_id_in_popup_which_shownTest">user_enters_the_valid_email_id_in_popup_which_shownTest</a> <!-- method navigator-link -->
                      </span>
                      <br/>
                      <span>
                        <img src="failed.png" width="3%"/>
                        <a href="#" panel-name="suite-Suite" title="com.stepDefinitions.aboutPageStepDefinitionsTest" class="method navigator-link" hash-for-method="user_enters_the_valid_passwordTest">user_enters_the_valid_passwordTest</a> <!-- method navigator-link -->
                      </span>
                      <br/>
                      <span>
                        <img src="failed.png" width="3%"/>
                        <a href="#" panel-name="suite-Suite" title="com.stepDefinitions.aboutPageStepDefinitionsTest" class="method navigator-link" hash-for-method="user_fills_in_their_detailsTest">user_fills_in_their_detailsTest</a> <!-- method navigator-link -->
                      </span>
                      <br/>
                      <span>
                        <img src="failed.png" width="3%"/>
                        <a href="#" panel-name="suite-Suite" title="com.stepDefinitions.aboutPageStepDefinitionsTest" class="method navigator-link" hash-for-method="user_gets_search_results_for_the_searchTest">user_gets_search_results_for_the_searchTest</a> <!-- method navigator-link -->
                      </span>
                      <br/>
                      <span>
                        <img src="failed.png" width="3%"/>
                        <a href="#" panel-name="suite-Suite" title="com.stepDefinitions.aboutPageStepDefinitionsTest" class="method navigator-link" hash-for-method="user_gives_place_nameTest">user_gives_place_nameTest</a> <!-- method navigator-link -->
                      </span>
                      <br/>
                      <span>
                        <img src="failed.png" width="3%"/>
                        <a href="#" panel-name="suite-Suite" title="com.stepDefinitions.aboutPageStepDefinitionsTest" class="method navigator-link" hash-for-method="user_gives_the_from_locationTest">user_gives_the_from_locationTest</a> <!-- method navigator-link -->
                      </span>
                      <br/>
                      <span>
                        <img src="failed.png" width="3%"/>
                        <a href="#" panel-name="suite-Suite" title="com.stepDefinitions.aboutPageStepDefinitionsTest" class="method navigator-link" hash-for-method="user_gives_the_to_locationTest">user_gives_the_to_locationTest</a> <!-- method navigator-link -->
                      </span>
                      <br/>
                      <span>
                        <img src="failed.png" width="3%"/>
                        <a href="#" panel-name="suite-Suite" title="com.stepDefinitions.aboutPageStepDefinitionsTest" class="method navigator-link" hash-for-method="user_is_in_the_thomasCOOK_pageTest">user_is_in_the_thomasCOOK_pageTest</a> <!-- method navigator-link -->
                      </span>
                      <br/>
                      <span>
                        <img src="failed.png" width="3%"/>
                        <a href="#" panel-name="suite-Suite" title="com.stepDefinitions.aboutPageStepDefinitionsTest" class="method navigator-link" hash-for-method="user_is_in_the_thomascook_pageTest">user_is_in_the_thomascook_pageTest</a> <!-- method navigator-link -->
                      </span>
                      <br/>
                      <span>
                        <img src="failed.png" width="3%"/>
                        <a href="#" panel-name="suite-Suite" title="com.stepDefinitions.aboutPageStepDefinitionsTest" class="method navigator-link" hash-for-method="user_is_in_the_thomascook_page_from_loginTest">user_is_in_the_thomascook_page_from_loginTest</a> <!-- method navigator-link -->
                      </span>
                      <br/>
                      <span>
                        <img src="failed.png" width="3%"/>
                        <a href="#" panel-name="suite-Suite" title="com.stepDefinitions.aboutPageStepDefinitionsTest" class="method navigator-link" hash-for-method="user_is_navigated_to_homepage_with_user_logged_inTest">user_is_navigated_to_homepage_with_user_logged_inTest</a> <!-- method navigator-link -->
                      </span>
                      <br/>
                      <span>
                        <img src="failed.png" width="3%"/>
                        <a href="#" panel-name="suite-Suite" title="com.stepDefinitions.aboutPageStepDefinitionsTest" class="method navigator-link" hash-for-method="user_is_on_thomascook_homepageTest">user_is_on_thomascook_homepageTest</a> <!-- method navigator-link -->
                      </span>
                      <br/>
                      <span>
                        <img src="failed.png" width="3%"/>
                        <a href="#" panel-name="suite-Suite" title="com.stepDefinitions.aboutPageStepDefinitionsTest" class="method navigator-link" hash-for-method="user_is_on_thomascook_webpageTest">user_is_on_thomascook_webpageTest</a> <!-- method navigator-link -->
                      </span>
                      <br/>
                      <span>
                        <img src="failed.png" width="3%"/>
                        <a href="#" panel-name="suite-Suite" title="com.stepDefinitions.aboutPageStepDefinitionsTest" class="method navigator-link" hash-for-method="user_is_on_thomascook_websiteTest">user_is_on_thomascook_websiteTest</a> <!-- method navigator-link -->
                      </span>
                      <br/>
                      <span>
                        <img src="failed.png" width="3%"/>
                        <a href="#" panel-name="suite-Suite" title="com.stepDefinitions.aboutPageStepDefinitionsTest" class="method navigator-link" hash-for-method="user_recieve_the_modified_searchTest">user_recieve_the_modified_searchTest</a> <!-- method navigator-link -->
                      </span>
                      <br/>
                      <span>
                        <img src="failed.png" width="3%"/>
                        <a href="#" panel-name="suite-Suite" title="com.stepDefinitions.aboutPageStepDefinitionsTest" class="method navigator-link" hash-for-method="user_selects_the_date_from_calendarTest">user_selects_the_date_from_calendarTest</a> <!-- method navigator-link -->
                      </span>
                      <br/>
                      <span>
                        <img src="failed.png" width="3%"/>
                        <a href="#" panel-name="suite-Suite" title="com.stepDefinitions.aboutPageStepDefinitionsTest" class="method navigator-link" hash-for-method="user_selects_the_value_from_dropdownTest">user_selects_the_value_from_dropdownTest</a> <!-- method navigator-link -->
                      </span>
                      <br/>
                      <span>
                        <img src="failed.png" width="3%"/>
                        <a href="#" panel-name="suite-Suite" title="com.stepDefinitions.aboutPageStepDefinitionsTest" class="method navigator-link" hash-for-method="user_sorts_the_searchTest">user_sorts_the_searchTest</a> <!-- method navigator-link -->
                      </span>
                      <br/>
                    </div> <!-- method-list-content failed suite-Suite -->
                  </li>
                </ul>
              </div> <!-- suite-section-content -->
            </div> <!-- result-section -->
          </div> <!-- navigator-suite-content -->
        </div> <!-- rounded-window -->
      </div> <!-- suite -->
    </div> <!-- navigator-root -->
    <div class="wrapper">
      <div class="main-panel-root">
        <div panel-name="suite-Suite" class="panel Suite">
          <div class="suite-Suite-class-failed">
            <div class="main-panel-header rounded-window-top">
              <img src="failed.png"/>
              <span class="class-name">com.stepDefinitions.aboutPageStepDefinitionsTest</span>
            </div> <!-- main-panel-header rounded-window-top -->
            <div class="main-panel-content rounded-window-bottom">
              <div class="method">
                <div class="method-content">
                  <a name="again_user_clicks_login_button_shows_in_drop_downTest">
                  </a> <!-- again_user_clicks_login_button_shows_in_drop_downTest -->
                  <span class="method-name">again_user_clicks_login_button_shows_in_drop_downTest</span>
                  <div class="stack-trace">java.lang.RuntimeException: Test not implemented
	at com.stepDefinitions.aboutPageStepDefinitionsTest.again_user_clicks_login_button_shows_in_drop_downTest(aboutPageStepDefinitionsTest.java:9)
	at java.base/java.util.concurrent.ThreadPoolExecutor.runWorker(ThreadPoolExecutor.java:1144)
	at java.base/java.util.concurrent.ThreadPoolExecutor$Worker.run(ThreadPoolExecutor.java:642)
	at java.base/java.lang.Thread.run(Thread.java:1623)
... Removed 10 stack frames
</div> <!-- stack-trace -->
                </div> <!-- method-content -->
              </div> <!-- method -->
              <div class="method">
                <div class="method-content">
                  <a name="changes_successfull_message_is_displayedTest">
                  </a> <!-- changes_successfull_message_is_displayedTest -->
                  <span class="method-name">changes_successfull_message_is_displayedTest</span>
                  <div class="stack-trace">java.lang.RuntimeException: Test not implemented
	at com.stepDefinitions.aboutPageStepDefinitionsTest.changes_successfull_message_is_displayedTest(aboutPageStepDefinitionsTest.java:14)
	at java.base/java.util.concurrent.ThreadPoolExecutor.runWorker(ThreadPoolExecutor.java:1144)
	at java.base/java.util.concurrent.ThreadPoolExecutor$Worker.run(ThreadPoolExecutor.java:642)
	at java.base/java.lang.Thread.run(Thread.java:1623)
... Removed 10 stack frames
</div> <!-- stack-trace -->
                </div> <!-- method-content -->
              </div> <!-- method -->
              <div class="method">
                <div class="method-content">
                  <a name="clicks_on_registerTest">
                  </a> <!-- clicks_on_registerTest -->
                  <span class="method-name">clicks_on_registerTest</span>
                  <div class="stack-trace">java.lang.RuntimeException: Test not implemented
	at com.stepDefinitions.aboutPageStepDefinitionsTest.clicks_on_registerTest(aboutPageStepDefinitionsTest.java:19)
	at java.base/java.util.concurrent.ThreadPoolExecutor.runWorker(ThreadPoolExecutor.java:1144)
	at java.base/java.util.concurrent.ThreadPoolExecutor$Worker.run(ThreadPoolExecutor.java:642)
	at java.base/java.lang.Thread.run(Thread.java:1623)
... Removed 10 stack frames
</div> <!-- stack-trace -->
                </div> <!-- method-content -->
              </div> <!-- method -->
              <div class="method">
                <div class="method-content">
                  <a name="clicks_search_buttonTest">
                  </a> <!-- clicks_search_buttonTest -->
                  <span class="method-name">clicks_search_buttonTest</span>
                  <div class="stack-trace">java.lang.RuntimeException: Test not implemented
	at com.stepDefinitions.aboutPageStepDefinitionsTest.clicks_search_buttonTest(aboutPageStepDefinitionsTest.java:24)
	at java.base/java.util.concurrent.ThreadPoolExecutor.runWorker(ThreadPoolExecutor.java:1144)
	at java.base/java.util.concurrent.ThreadPoolExecutor$Worker.run(ThreadPoolExecutor.java:642)
	at java.base/java.lang.Thread.run(Thread.java:1623)
... Removed 10 stack frames
</div> <!-- stack-trace -->
                </div> <!-- method-content -->
              </div> <!-- method -->
              <div class="method">
                <div class="method-content">
                  <a name="cruisePageStepDefinitionTest">
                  </a> <!-- cruisePageStepDefinitionTest -->
                  <span class="method-name">cruisePageStepDefinitionTest</span>
                  <div class="stack-trace">java.lang.RuntimeException: Test not implemented
	at com.stepDefinitions.aboutPageStepDefinitionsTest.cruisePageStepDefinitionTest(aboutPageStepDefinitionsTest.java:29)
	at java.base/java.util.concurrent.ThreadPoolExecutor.runWorker(ThreadPoolExecutor.java:1144)
	at java.base/java.util.concurrent.ThreadPoolExecutor$Worker.run(ThreadPoolExecutor.java:642)
	at java.base/java.lang.Thread.run(Thread.java:1623)
... Removed 10 stack frames
</div> <!-- stack-trace -->
                </div> <!-- method-content -->
              </div> <!-- method -->
              <div class="method">
                <div class="method-content">
                  <a name="customer_is_on_thomascook_pageTest">
                  </a> <!-- customer_is_on_thomascook_pageTest -->
                  <span class="method-name">customer_is_on_thomascook_pageTest</span>
                  <div class="stack-trace">java.lang.RuntimeException: Test not implemented
	at com.stepDefinitions.aboutPageStepDefinitionsTest.customer_is_on_thomascook_pageTest(aboutPageStepDefinitionsTest.java:34)
	at java.base/java.util.concurrent.ThreadPoolExecutor.runWorker(ThreadPoolExecutor.java:1144)
	at java.base/java.util.concurrent.ThreadPoolExecutor$Worker.run(ThreadPoolExecutor.java:642)
	at java.base/java.lang.Thread.run(Thread.java:1623)
... Removed 10 stack frames
</div> <!-- stack-trace -->
                </div> <!-- method-content -->
              </div> <!-- method -->
              <div class="method">
                <div class="method-content">
                  <a name="finally_user_clicks_the_loginbutton_and_user_in_homepage_of_registered_userTest">
                  </a> <!-- finally_user_clicks_the_loginbutton_and_user_in_homepage_of_registered_userTest -->
                  <span class="method-name">finally_user_clicks_the_loginbutton_and_user_in_homepage_of_registered_userTest</span>
                  <div class="stack-trace">java.lang.RuntimeException: Test not implemented
	at com.stepDefinitions.aboutPageStepDefinitionsTest.finally_user_clicks_the_loginbutton_and_user_in_homepage_of_registered_userTest(aboutPageStepDefinitionsTest.java:39)
	at java.base/java.util.concurrent.ThreadPoolExecutor.runWorker(ThreadPoolExecutor.java:1144)
	at java.base/java.util.concurrent.ThreadPoolExecutor$Worker.run(ThreadPoolExecutor.java:642)
	at java.base/java.lang.Thread.run(Thread.java:1623)
... Removed 10 stack frames
</div> <!-- stack-trace -->
                </div> <!-- method-content -->
              </div> <!-- method -->
              <div class="method">
                <div class="method-content">
                  <a name="i_want_to_select_a_holiday_categoryTest">
                  </a> <!-- i_want_to_select_a_holiday_categoryTest -->
                  <span class="method-name">i_want_to_select_a_holiday_categoryTest</span>
                  <div class="stack-trace">java.lang.RuntimeException: Test not implemented
	at com.stepDefinitions.aboutPageStepDefinitionsTest.i_want_to_select_a_holiday_categoryTest(aboutPageStepDefinitionsTest.java:44)
	at java.base/java.util.concurrent.ThreadPoolExecutor.runWorker(ThreadPoolExecutor.java:1144)
	at java.base/java.util.concurrent.ThreadPoolExecutor$Worker.run(ThreadPoolExecutor.java:642)
	at java.base/java.lang.Thread.run(Thread.java:1623)
... Removed 10 stack frames
</div> <!-- stack-trace -->
                </div> <!-- method-content -->
              </div> <!-- method -->
              <div class="method">
                <div class="method-content">
                  <a name="selects_budgetTest">
                  </a> <!-- selects_budgetTest -->
                  <span class="method-name">selects_budgetTest</span>
                  <div class="stack-trace">java.lang.RuntimeException: Test not implemented
	at com.stepDefinitions.aboutPageStepDefinitionsTest.selects_budgetTest(aboutPageStepDefinitionsTest.java:49)
	at java.base/java.util.concurrent.ThreadPoolExecutor.runWorker(ThreadPoolExecutor.java:1144)
	at java.base/java.util.concurrent.ThreadPoolExecutor$Worker.run(ThreadPoolExecutor.java:642)
	at java.base/java.lang.Thread.run(Thread.java:1623)
... Removed 10 stack frames
</div> <!-- stack-trace -->
                </div> <!-- method-content -->
              </div> <!-- method -->
              <div class="method">
                <div class="method-content">
                  <a name="selects_month_of_travelTest">
                  </a> <!-- selects_month_of_travelTest -->
                  <span class="method-name">selects_month_of_travelTest</span>
                  <div class="stack-trace">java.lang.RuntimeException: Test not implemented
	at com.stepDefinitions.aboutPageStepDefinitionsTest.selects_month_of_travelTest(aboutPageStepDefinitionsTest.java:54)
	at java.base/java.util.concurrent.ThreadPoolExecutor.runWorker(ThreadPoolExecutor.java:1144)
	at java.base/java.util.concurrent.ThreadPoolExecutor$Worker.run(ThreadPoolExecutor.java:642)
	at java.base/java.lang.Thread.run(Thread.java:1623)
... Removed 10 stack frames
</div> <!-- stack-trace -->
                </div> <!-- method-content -->
              </div> <!-- method -->
              <div class="method">
                <div class="method-content">
                  <a name="setupTest">
                  </a> <!-- setupTest -->
                  <span class="method-name">setupTest</span>
                  <div class="stack-trace">java.lang.RuntimeException: Test not implemented
	at com.stepDefinitions.aboutPageStepDefinitionsTest.setupTest(aboutPageStepDefinitionsTest.java:59)
	at java.base/java.util.concurrent.ThreadPoolExecutor.runWorker(ThreadPoolExecutor.java:1144)
	at java.base/java.util.concurrent.ThreadPoolExecutor$Worker.run(ThreadPoolExecutor.java:642)
	at java.base/java.lang.Thread.run(Thread.java:1623)
... Removed 10 stack frames
</div> <!-- stack-trace -->
                </div> <!-- method-content -->
              </div> <!-- method -->
              <div class="method">
                <div class="method-content">
                  <a name="tearDownTest">
                  </a> <!-- tearDownTest -->
                  <span class="method-name">tearDownTest</span>
                  <div class="stack-trace">java.lang.RuntimeException: Test not implemented
	at com.stepDefinitions.aboutPageStepDefinitionsTest.tearDownTest(aboutPageStepDefinitionsTest.java:64)
	at java.base/java.util.concurrent.ThreadPoolExecutor.runWorker(ThreadPoolExecutor.java:1144)
	at java.base/java.util.concurrent.ThreadPoolExecutor$Worker.run(ThreadPoolExecutor.java:642)
	at java.base/java.lang.Thread.run(Thread.java:1623)
... Removed 10 stack frames
</div> <!-- stack-trace -->
                </div> <!-- method-content -->
              </div> <!-- method -->
              <div class="method">
                <div class="method-content">
                  <a name="the_desired_tour_package_is_displayedTest">
                  </a> <!-- the_desired_tour_package_is_displayedTest -->
                  <span class="method-name">the_desired_tour_package_is_displayedTest</span>
                  <div class="stack-trace">java.lang.RuntimeException: Test not implemented
	at com.stepDefinitions.aboutPageStepDefinitionsTest.the_desired_tour_package_is_displayedTest(aboutPageStepDefinitionsTest.java:69)
	at java.base/java.util.concurrent.ThreadPoolExecutor.runWorker(ThreadPoolExecutor.java:1144)
	at java.base/java.util.concurrent.ThreadPoolExecutor$Worker.run(ThreadPoolExecutor.java:642)
	at java.base/java.lang.Thread.run(Thread.java:1623)
... Removed 10 stack frames
</div> <!-- stack-trace -->
                </div> <!-- method-content -->
              </div> <!-- method -->
              <div class="method">
                <div class="method-content">
                  <a name="the_user_changes_a_mobile_numberTest">
                  </a> <!-- the_user_changes_a_mobile_numberTest -->
                  <span class="method-name">the_user_changes_a_mobile_numberTest</span>
                  <div class="stack-trace">java.lang.RuntimeException: Test not implemented
	at com.stepDefinitions.aboutPageStepDefinitionsTest.the_user_changes_a_mobile_numberTest(aboutPageStepDefinitionsTest.java:74)
	at java.base/java.util.concurrent.ThreadPoolExecutor.runWorker(ThreadPoolExecutor.java:1144)
	at java.base/java.util.concurrent.ThreadPoolExecutor$Worker.run(ThreadPoolExecutor.java:642)
	at java.base/java.lang.Thread.run(Thread.java:1623)
... Removed 10 stack frames
</div> <!-- stack-trace -->
                </div> <!-- method-content -->
              </div> <!-- method -->
              <div class="method">
                <div class="method-content">
                  <a name="the_user_click_a_edit_buttonTest">
                  </a> <!-- the_user_click_a_edit_buttonTest -->
                  <span class="method-name">the_user_click_a_edit_buttonTest</span>
                  <div class="stack-trace">java.lang.RuntimeException: Test not implemented
	at com.stepDefinitions.aboutPageStepDefinitionsTest.the_user_click_a_edit_buttonTest(aboutPageStepDefinitionsTest.java:79)
	at java.base/java.util.concurrent.ThreadPoolExecutor.runWorker(ThreadPoolExecutor.java:1144)
	at java.base/java.util.concurrent.ThreadPoolExecutor$Worker.run(ThreadPoolExecutor.java:642)
	at java.base/java.lang.Thread.run(Thread.java:1623)
... Removed 10 stack frames
</div> <!-- stack-trace -->
                </div> <!-- method-content -->
              </div> <!-- method -->
              <div class="method">
                <div class="method-content">
                  <a name="the_user_click_an_view_my_accountTest">
                  </a> <!-- the_user_click_an_view_my_accountTest -->
                  <span class="method-name">the_user_click_an_view_my_accountTest</span>
                  <div class="stack-trace">java.lang.RuntimeException: Test not implemented
	at com.stepDefinitions.aboutPageStepDefinitionsTest.the_user_click_an_view_my_accountTest(aboutPageStepDefinitionsTest.java:84)
	at java.base/java.util.concurrent.ThreadPoolExecutor.runWorker(ThreadPoolExecutor.java:1144)
	at java.base/java.util.concurrent.ThreadPoolExecutor$Worker.run(ThreadPoolExecutor.java:642)
	at java.base/java.lang.Thread.run(Thread.java:1623)
... Removed 10 stack frames
</div> <!-- stack-trace -->
                </div> <!-- method-content -->
              </div> <!-- method -->
              <div class="method">
                <div class="method-content">
                  <a name="the_user_click_on_my_accountTest">
                  </a> <!-- the_user_click_on_my_accountTest -->
                  <span class="method-name">the_user_click_on_my_accountTest</span>
                  <div class="stack-trace">java.lang.RuntimeException: Test not implemented
	at com.stepDefinitions.aboutPageStepDefinitionsTest.the_user_click_on_my_accountTest(aboutPageStepDefinitionsTest.java:89)
	at java.base/java.util.concurrent.ThreadPoolExecutor.runWorker(ThreadPoolExecutor.java:1144)
	at java.base/java.util.concurrent.ThreadPoolExecutor$Worker.run(ThreadPoolExecutor.java:642)
	at java.base/java.lang.Thread.run(Thread.java:1623)
... Removed 10 stack frames
</div> <!-- stack-trace -->
                </div> <!-- method-content -->
              </div> <!-- method -->
              <div class="method">
                <div class="method-content">
                  <a name="the_user_clicks_on_board_of_directorsTest">
                  </a> <!-- the_user_clicks_on_board_of_directorsTest -->
                  <span class="method-name">the_user_clicks_on_board_of_directorsTest</span>
                  <div class="stack-trace">java.lang.RuntimeException: Test not implemented
	at com.stepDefinitions.aboutPageStepDefinitionsTest.the_user_clicks_on_board_of_directorsTest(aboutPageStepDefinitionsTest.java:94)
	at java.base/java.util.concurrent.ThreadPoolExecutor.runWorker(ThreadPoolExecutor.java:1144)
	at java.base/java.util.concurrent.ThreadPoolExecutor$Worker.run(ThreadPoolExecutor.java:642)
	at java.base/java.lang.Thread.run(Thread.java:1623)
... Removed 10 stack frames
</div> <!-- stack-trace -->
                </div> <!-- method-content -->
              </div> <!-- method -->
              <div class="method">
                <div class="method-content">
                  <a name="the_user_clicks_on_policiesTest">
                  </a> <!-- the_user_clicks_on_policiesTest -->
                  <span class="method-name">the_user_clicks_on_policiesTest</span>
                  <div class="stack-trace">java.lang.RuntimeException: Test not implemented
	at com.stepDefinitions.aboutPageStepDefinitionsTest.the_user_clicks_on_policiesTest(aboutPageStepDefinitionsTest.java:99)
	at java.base/java.util.concurrent.ThreadPoolExecutor.runWorker(ThreadPoolExecutor.java:1144)
	at java.base/java.util.concurrent.ThreadPoolExecutor$Worker.run(ThreadPoolExecutor.java:642)
	at java.base/java.lang.Thread.run(Thread.java:1623)
... Removed 10 stack frames
</div> <!-- stack-trace -->
                </div> <!-- method-content -->
              </div> <!-- method -->
              <div class="method">
                <div class="method-content">
                  <a name="the_user_clicks_on_the_flightsTest">
                  </a> <!-- the_user_clicks_on_the_flightsTest -->
                  <span class="method-name">the_user_clicks_on_the_flightsTest</span>
                  <div class="stack-trace">java.lang.RuntimeException: Test not implemented
	at com.stepDefinitions.aboutPageStepDefinitionsTest.the_user_clicks_on_the_flightsTest(aboutPageStepDefinitionsTest.java:104)
	at java.base/java.util.concurrent.ThreadPoolExecutor.runWorker(ThreadPoolExecutor.java:1144)
	at java.base/java.util.concurrent.ThreadPoolExecutor$Worker.run(ThreadPoolExecutor.java:642)
	at java.base/java.lang.Thread.run(Thread.java:1623)
... Removed 10 stack frames
</div> <!-- stack-trace -->
                </div> <!-- method-content -->
              </div> <!-- method -->
              <div class="method">
                <div class="method-content">
                  <a name="the_user_get_board_directors_informationTest">
                  </a> <!-- the_user_get_board_directors_informationTest -->
                  <span class="method-name">the_user_get_board_directors_informationTest</span>
                  <div class="stack-trace">java.lang.RuntimeException: Test not implemented
	at com.stepDefinitions.aboutPageStepDefinitionsTest.the_user_get_board_directors_informationTest(aboutPageStepDefinitionsTest.java:109)
	at java.base/java.util.concurrent.ThreadPoolExecutor.runWorker(ThreadPoolExecutor.java:1144)
	at java.base/java.util.concurrent.ThreadPoolExecutor$Worker.run(ThreadPoolExecutor.java:642)
	at java.base/java.lang.Thread.run(Thread.java:1623)
... Removed 10 stack frames
</div> <!-- stack-trace -->
                </div> <!-- method-content -->
              </div> <!-- method -->
              <div class="method">
                <div class="method-content">
                  <a name="the_user_gets_the_information_about_thomascookTest">
                  </a> <!-- the_user_gets_the_information_about_thomascookTest -->
                  <span class="method-name">the_user_gets_the_information_about_thomascookTest</span>
                  <div class="stack-trace">java.lang.RuntimeException: Test not implemented
	at com.stepDefinitions.aboutPageStepDefinitionsTest.the_user_gets_the_information_about_thomascookTest(aboutPageStepDefinitionsTest.java:114)
	at java.base/java.util.concurrent.ThreadPoolExecutor.runWorker(ThreadPoolExecutor.java:1144)
	at java.base/java.util.concurrent.ThreadPoolExecutor$Worker.run(ThreadPoolExecutor.java:642)
	at java.base/java.lang.Thread.run(Thread.java:1623)
... Removed 10 stack frames
</div> <!-- stack-trace -->
                </div> <!-- method-content -->
              </div> <!-- method -->
              <div class="method">
                <div class="method-content">
                  <a name="the_user_gets_the_priacy_policy_informationTest">
                  </a> <!-- the_user_gets_the_priacy_policy_informationTest -->
                  <span class="method-name">the_user_gets_the_priacy_policy_informationTest</span>
                  <div class="stack-trace">java.lang.RuntimeException: Test not implemented
	at com.stepDefinitions.aboutPageStepDefinitionsTest.the_user_gets_the_priacy_policy_informationTest(aboutPageStepDefinitionsTest.java:119)
	at java.base/java.util.concurrent.ThreadPoolExecutor.runWorker(ThreadPoolExecutor.java:1144)
	at java.base/java.util.concurrent.ThreadPoolExecutor$Worker.run(ThreadPoolExecutor.java:642)
	at java.base/java.lang.Thread.run(Thread.java:1623)
... Removed 10 stack frames
</div> <!-- stack-trace -->
                </div> <!-- method-content -->
              </div> <!-- method -->
              <div class="method">
                <div class="method-content">
                  <a name="the_user_select_a_departure_city_as_chennaiTest">
                  </a> <!-- the_user_select_a_departure_city_as_chennaiTest -->
                  <span class="method-name">the_user_select_a_departure_city_as_chennaiTest</span>
                  <div class="stack-trace">java.lang.RuntimeException: Test not implemented
	at com.stepDefinitions.aboutPageStepDefinitionsTest.the_user_select_a_departure_city_as_chennaiTest(aboutPageStepDefinitionsTest.java:124)
	at java.base/java.util.concurrent.ThreadPoolExecutor.runWorker(ThreadPoolExecutor.java:1144)
	at java.base/java.util.concurrent.ThreadPoolExecutor$Worker.run(ThreadPoolExecutor.java:642)
	at java.base/java.lang.Thread.run(Thread.java:1623)
... Removed 10 stack frames
</div> <!-- stack-trace -->
                </div> <!-- method-content -->
              </div> <!-- method -->
              <div class="method">
                <div class="method-content">
                  <a name="the_user_select_a_duration_of_travel_less_than_nightsTest">
                  </a> <!-- the_user_select_a_duration_of_travel_less_than_nightsTest -->
                  <span class="method-name">the_user_select_a_duration_of_travel_less_than_nightsTest</span>
                  <div class="stack-trace">java.lang.RuntimeException: Test not implemented
	at com.stepDefinitions.aboutPageStepDefinitionsTest.the_user_select_a_duration_of_travel_less_than_nightsTest(aboutPageStepDefinitionsTest.java:129)
	at java.base/java.util.concurrent.ThreadPoolExecutor.runWorker(ThreadPoolExecutor.java:1144)
	at java.base/java.util.concurrent.ThreadPoolExecutor$Worker.run(ThreadPoolExecutor.java:642)
	at java.base/java.lang.Thread.run(Thread.java:1623)
... Removed 10 stack frames
</div> <!-- stack-trace -->
                </div> <!-- method-content -->
              </div> <!-- method -->
              <div class="method">
                <div class="method-content">
                  <a name="the_user_select_a_europe_tour_packageTest">
                  </a> <!-- the_user_select_a_europe_tour_packageTest -->
                  <span class="method-name">the_user_select_a_europe_tour_packageTest</span>
                  <div class="stack-trace">java.lang.RuntimeException: Test not implemented
	at com.stepDefinitions.aboutPageStepDefinitionsTest.the_user_select_a_europe_tour_packageTest(aboutPageStepDefinitionsTest.java:134)
	at java.base/java.util.concurrent.ThreadPoolExecutor.runWorker(ThreadPoolExecutor.java:1144)
	at java.base/java.util.concurrent.ThreadPoolExecutor$Worker.run(ThreadPoolExecutor.java:642)
	at java.base/java.lang.Thread.run(Thread.java:1623)
... Removed 10 stack frames
</div> <!-- stack-trace -->
                </div> <!-- method-content -->
              </div> <!-- method -->
              <div class="method">
                <div class="method-content">
                  <a name="the_user_select_a_month_of_travel_as_febTest">
                  </a> <!-- the_user_select_a_month_of_travel_as_febTest -->
                  <span class="method-name">the_user_select_a_month_of_travel_as_febTest</span>
                  <div class="stack-trace">java.lang.RuntimeException: Test not implemented
	at com.stepDefinitions.aboutPageStepDefinitionsTest.the_user_select_a_month_of_travel_as_febTest(aboutPageStepDefinitionsTest.java:139)
	at java.base/java.util.concurrent.ThreadPoolExecutor.runWorker(ThreadPoolExecutor.java:1144)
	at java.base/java.util.concurrent.ThreadPoolExecutor$Worker.run(ThreadPoolExecutor.java:642)
	at java.base/java.lang.Thread.run(Thread.java:1623)
... Removed 10 stack frames
</div> <!-- stack-trace -->
                </div> <!-- method-content -->
              </div> <!-- method -->
              <div class="method">
                <div class="method-content">
                  <a name="the_user_select_a_package_type_without_a_flightTest">
                  </a> <!-- the_user_select_a_package_type_without_a_flightTest -->
                  <span class="method-name">the_user_select_a_package_type_without_a_flightTest</span>
                  <div class="stack-trace">java.lang.RuntimeException: Test not implemented
	at com.stepDefinitions.aboutPageStepDefinitionsTest.the_user_select_a_package_type_without_a_flightTest(aboutPageStepDefinitionsTest.java:144)
	at java.base/java.util.concurrent.ThreadPoolExecutor.runWorker(ThreadPoolExecutor.java:1144)
	at java.base/java.util.concurrent.ThreadPoolExecutor$Worker.run(ThreadPoolExecutor.java:642)
	at java.base/java.lang.Thread.run(Thread.java:1623)
... Removed 10 stack frames
</div> <!-- stack-trace -->
                </div> <!-- method-content -->
              </div> <!-- method -->
              <div class="method">
                <div class="method-content">
                  <a name="the_user_select_the_city_marvel_of_georgiaTest">
                  </a> <!-- the_user_select_the_city_marvel_of_georgiaTest -->
                  <span class="method-name">the_user_select_the_city_marvel_of_georgiaTest</span>
                  <div class="stack-trace">java.lang.RuntimeException: Test not implemented
	at com.stepDefinitions.aboutPageStepDefinitionsTest.the_user_select_the_city_marvel_of_georgiaTest(aboutPageStepDefinitionsTest.java:149)
	at java.base/java.util.concurrent.ThreadPoolExecutor.runWorker(ThreadPoolExecutor.java:1144)
	at java.base/java.util.concurrent.ThreadPoolExecutor$Worker.run(ThreadPoolExecutor.java:642)
	at java.base/java.lang.Thread.run(Thread.java:1623)
... Removed 10 stack frames
</div> <!-- stack-trace -->
                </div> <!-- method-content -->
              </div> <!-- method -->
              <div class="method">
                <div class="method-content">
                  <a name="the_user_select_theme_with_a_familyTest">
                  </a> <!-- the_user_select_theme_with_a_familyTest -->
                  <span class="method-name">the_user_select_theme_with_a_familyTest</span>
                  <div class="stack-trace">java.lang.RuntimeException: Test not implemented
	at com.stepDefinitions.aboutPageStepDefinitionsTest.the_user_select_theme_with_a_familyTest(aboutPageStepDefinitionsTest.java:154)
	at java.base/java.util.concurrent.ThreadPoolExecutor.runWorker(ThreadPoolExecutor.java:1144)
	at java.base/java.util.concurrent.ThreadPoolExecutor$Worker.run(ThreadPoolExecutor.java:642)
	at java.base/java.lang.Thread.run(Thread.java:1623)
... Removed 10 stack frames
</div> <!-- stack-trace -->
                </div> <!-- method-content -->
              </div> <!-- method -->
              <div class="method">
                <div class="method-content">
                  <a name="user_click_a_save_buttonTest">
                  </a> <!-- user_click_a_save_buttonTest -->
                  <span class="method-name">user_click_a_save_buttonTest</span>
                  <div class="stack-trace">java.lang.RuntimeException: Test not implemented
	at com.stepDefinitions.aboutPageStepDefinitionsTest.user_click_a_save_buttonTest(aboutPageStepDefinitionsTest.java:159)
	at java.base/java.util.concurrent.ThreadPoolExecutor.runWorker(ThreadPoolExecutor.java:1144)
	at java.base/java.util.concurrent.ThreadPoolExecutor$Worker.run(ThreadPoolExecutor.java:642)
	at java.base/java.lang.Thread.run(Thread.java:1623)
... Removed 10 stack frames
</div> <!-- stack-trace -->
                </div> <!-- method-content -->
              </div> <!-- method -->
              <div class="method">
                <div class="method-content">
                  <a name="user_clicks_on_about_usTest">
                  </a> <!-- user_clicks_on_about_usTest -->
                  <span class="method-name">user_clicks_on_about_usTest</span>
                  <div class="stack-trace">java.lang.RuntimeException: Test not implemented
	at com.stepDefinitions.aboutPageStepDefinitionsTest.user_clicks_on_about_usTest(aboutPageStepDefinitionsTest.java:164)
	at java.base/java.util.concurrent.ThreadPoolExecutor.runWorker(ThreadPoolExecutor.java:1144)
	at java.base/java.util.concurrent.ThreadPoolExecutor$Worker.run(ThreadPoolExecutor.java:642)
	at java.base/java.lang.Thread.run(Thread.java:1623)
... Removed 10 stack frames
</div> <!-- stack-trace -->
                </div> <!-- method-content -->
              </div> <!-- method -->
              <div class="method">
                <div class="method-content">
                  <a name="user_clicks_on_loginbuttonTest">
                  </a> <!-- user_clicks_on_loginbuttonTest -->
                  <span class="method-name">user_clicks_on_loginbuttonTest</span>
                  <div class="stack-trace">java.lang.RuntimeException: Test not implemented
	at com.stepDefinitions.aboutPageStepDefinitionsTest.user_clicks_on_loginbuttonTest(aboutPageStepDefinitionsTest.java:169)
	at java.base/java.util.concurrent.ThreadPoolExecutor.runWorker(ThreadPoolExecutor.java:1144)
	at java.base/java.util.concurrent.ThreadPoolExecutor$Worker.run(ThreadPoolExecutor.java:642)
	at java.base/java.lang.Thread.run(Thread.java:1623)
... Removed 10 stack frames
</div> <!-- stack-trace -->
                </div> <!-- method-content -->
              </div> <!-- method -->
              <div class="method">
                <div class="method-content">
                  <a name="user_clicks_on_modify_buttonTest">
                  </a> <!-- user_clicks_on_modify_buttonTest -->
                  <span class="method-name">user_clicks_on_modify_buttonTest</span>
                  <div class="stack-trace">java.lang.RuntimeException: Test not implemented
	at com.stepDefinitions.aboutPageStepDefinitionsTest.user_clicks_on_modify_buttonTest(aboutPageStepDefinitionsTest.java:174)
	at java.base/java.util.concurrent.ThreadPoolExecutor.runWorker(ThreadPoolExecutor.java:1144)
	at java.base/java.util.concurrent.ThreadPoolExecutor$Worker.run(ThreadPoolExecutor.java:642)
	at java.base/java.lang.Thread.run(Thread.java:1623)
... Removed 10 stack frames
</div> <!-- stack-trace -->
                </div> <!-- method-content -->
              </div> <!-- method -->
              <div class="method">
                <div class="method-content">
                  <a name="user_clicks_on_modify_search_to_change_date_and_departure_cityTest">
                  </a> <!-- user_clicks_on_modify_search_to_change_date_and_departure_cityTest -->
                  <span class="method-name">user_clicks_on_modify_search_to_change_date_and_departure_cityTest</span>
                  <div class="stack-trace">java.lang.RuntimeException: Test not implemented
	at com.stepDefinitions.aboutPageStepDefinitionsTest.user_clicks_on_modify_search_to_change_date_and_departure_cityTest(aboutPageStepDefinitionsTest.java:179)
	at java.base/java.util.concurrent.ThreadPoolExecutor.runWorker(ThreadPoolExecutor.java:1144)
	at java.base/java.util.concurrent.ThreadPoolExecutor$Worker.run(ThreadPoolExecutor.java:642)
	at java.base/java.lang.Thread.run(Thread.java:1623)
... Removed 10 stack frames
</div> <!-- stack-trace -->
                </div> <!-- method-content -->
              </div> <!-- method -->
              <div class="method">
                <div class="method-content">
                  <a name="user_clicks_on_the_oneway_tripTest">
                  </a> <!-- user_clicks_on_the_oneway_tripTest -->
                  <span class="method-name">user_clicks_on_the_oneway_tripTest</span>
                  <div class="stack-trace">java.lang.RuntimeException: Test not implemented
	at com.stepDefinitions.aboutPageStepDefinitionsTest.user_clicks_on_the_oneway_tripTest(aboutPageStepDefinitionsTest.java:184)
	at java.base/java.util.concurrent.ThreadPoolExecutor.runWorker(ThreadPoolExecutor.java:1144)
	at java.base/java.util.concurrent.ThreadPoolExecutor$Worker.run(ThreadPoolExecutor.java:642)
	at java.base/java.lang.Thread.run(Thread.java:1623)
... Removed 10 stack frames
</div> <!-- stack-trace -->
                </div> <!-- method-content -->
              </div> <!-- method -->
              <div class="method">
                <div class="method-content">
                  <a name="user_clicks_on_the_search_buttonTest">
                  </a> <!-- user_clicks_on_the_search_buttonTest -->
                  <span class="method-name">user_clicks_on_the_search_buttonTest</span>
                  <div class="stack-trace">java.lang.RuntimeException: Test not implemented
	at com.stepDefinitions.aboutPageStepDefinitionsTest.user_clicks_on_the_search_buttonTest(aboutPageStepDefinitionsTest.java:189)
	at java.base/java.util.concurrent.ThreadPoolExecutor.runWorker(ThreadPoolExecutor.java:1144)
	at java.base/java.util.concurrent.ThreadPoolExecutor$Worker.run(ThreadPoolExecutor.java:642)
	at java.base/java.lang.Thread.run(Thread.java:1623)
... Removed 10 stack frames
</div> <!-- stack-trace -->
                </div> <!-- method-content -->
              </div> <!-- method -->
              <div class="method">
                <div class="method-content">
                  <a name="user_clicks_on_the_search_flight_buttonTest">
                  </a> <!-- user_clicks_on_the_search_flight_buttonTest -->
                  <span class="method-name">user_clicks_on_the_search_flight_buttonTest</span>
                  <div class="stack-trace">java.lang.RuntimeException: Test not implemented
	at com.stepDefinitions.aboutPageStepDefinitionsTest.user_clicks_on_the_search_flight_buttonTest(aboutPageStepDefinitionsTest.java:194)
	at java.base/java.util.concurrent.ThreadPoolExecutor.runWorker(ThreadPoolExecutor.java:1144)
	at java.base/java.util.concurrent.ThreadPoolExecutor$Worker.run(ThreadPoolExecutor.java:642)
	at java.base/java.lang.Thread.run(Thread.java:1623)
... Removed 10 stack frames
</div> <!-- stack-trace -->
                </div> <!-- method-content -->
              </div> <!-- method -->
              <div class="method">
                <div class="method-content">
                  <a name="user_clicks_register_buttonTest">
                  </a> <!-- user_clicks_register_buttonTest -->
                  <span class="method-name">user_clicks_register_buttonTest</span>
                  <div class="stack-trace">java.lang.RuntimeException: Test not implemented
	at com.stepDefinitions.aboutPageStepDefinitionsTest.user_clicks_register_buttonTest(aboutPageStepDefinitionsTest.java:199)
	at java.base/java.util.concurrent.ThreadPoolExecutor.runWorker(ThreadPoolExecutor.java:1144)
	at java.base/java.util.concurrent.ThreadPoolExecutor$Worker.run(ThreadPoolExecutor.java:642)
	at java.base/java.lang.Thread.run(Thread.java:1623)
... Removed 10 stack frames
</div> <!-- stack-trace -->
                </div> <!-- method-content -->
              </div> <!-- method -->
              <div class="method">
                <div class="method-content">
                  <a name="user_clicks_the_cruise_buttonTest">
                  </a> <!-- user_clicks_the_cruise_buttonTest -->
                  <span class="method-name">user_clicks_the_cruise_buttonTest</span>
                  <div class="stack-trace">java.lang.RuntimeException: Test not implemented
	at com.stepDefinitions.aboutPageStepDefinitionsTest.user_clicks_the_cruise_buttonTest(aboutPageStepDefinitionsTest.java:204)
	at java.base/java.util.concurrent.ThreadPoolExecutor.runWorker(ThreadPoolExecutor.java:1144)
	at java.base/java.util.concurrent.ThreadPoolExecutor$Worker.run(ThreadPoolExecutor.java:642)
	at java.base/java.lang.Thread.run(Thread.java:1623)
... Removed 10 stack frames
</div> <!-- stack-trace -->
                </div> <!-- method-content -->
              </div> <!-- method -->
              <div class="method">
                <div class="method-content">
                  <a name="user_clicks_the_dateTest">
                  </a> <!-- user_clicks_the_dateTest -->
                  <span class="method-name">user_clicks_the_dateTest</span>
                  <div class="stack-trace">java.lang.RuntimeException: Test not implemented
	at com.stepDefinitions.aboutPageStepDefinitionsTest.user_clicks_the_dateTest(aboutPageStepDefinitionsTest.java:209)
	at java.base/java.util.concurrent.ThreadPoolExecutor.runWorker(ThreadPoolExecutor.java:1144)
	at java.base/java.util.concurrent.ThreadPoolExecutor$Worker.run(ThreadPoolExecutor.java:642)
	at java.base/java.lang.Thread.run(Thread.java:1623)
... Removed 10 stack frames
</div> <!-- stack-trace -->
                </div> <!-- method-content -->
              </div> <!-- method -->
              <div class="method">
                <div class="method-content">
                  <a name="user_clicks_the_login_button_on_top_right_corner_of_homepageTest">
                  </a> <!-- user_clicks_the_login_button_on_top_right_corner_of_homepageTest -->
                  <span class="method-name">user_clicks_the_login_button_on_top_right_corner_of_homepageTest</span>
                  <div class="stack-trace">java.lang.RuntimeException: Test not implemented
	at com.stepDefinitions.aboutPageStepDefinitionsTest.user_clicks_the_login_button_on_top_right_corner_of_homepageTest(aboutPageStepDefinitionsTest.java:214)
	at java.base/java.util.concurrent.ThreadPoolExecutor.runWorker(ThreadPoolExecutor.java:1144)
	at java.base/java.util.concurrent.ThreadPoolExecutor$Worker.run(ThreadPoolExecutor.java:642)
	at java.base/java.lang.Thread.run(Thread.java:1623)
... Removed 10 stack frames
</div> <!-- stack-trace -->
                </div> <!-- method-content -->
              </div> <!-- method -->
              <div class="method">
                <div class="method-content">
                  <a name="user_enters_the_EmailTest">
                  </a> <!-- user_enters_the_EmailTest -->
                  <span class="method-name">user_enters_the_EmailTest</span>
                  <div class="stack-trace">java.lang.RuntimeException: Test not implemented
	at com.stepDefinitions.aboutPageStepDefinitionsTest.user_enters_the_EmailTest(aboutPageStepDefinitionsTest.java:219)
	at java.base/java.util.concurrent.ThreadPoolExecutor.runWorker(ThreadPoolExecutor.java:1144)
	at java.base/java.util.concurrent.ThreadPoolExecutor$Worker.run(ThreadPoolExecutor.java:642)
	at java.base/java.lang.Thread.run(Thread.java:1623)
... Removed 10 stack frames
</div> <!-- stack-trace -->
                </div> <!-- method-content -->
              </div> <!-- method -->
              <div class="method">
                <div class="method-content">
                  <a name="user_enters_the_PasswordTest">
                  </a> <!-- user_enters_the_PasswordTest -->
                  <span class="method-name">user_enters_the_PasswordTest</span>
                  <div class="stack-trace">java.lang.RuntimeException: Test not implemented
	at com.stepDefinitions.aboutPageStepDefinitionsTest.user_enters_the_PasswordTest(aboutPageStepDefinitionsTest.java:224)
	at java.base/java.util.concurrent.ThreadPoolExecutor.runWorker(ThreadPoolExecutor.java:1144)
	at java.base/java.util.concurrent.ThreadPoolExecutor$Worker.run(ThreadPoolExecutor.java:642)
	at java.base/java.lang.Thread.run(Thread.java:1623)
... Removed 10 stack frames
</div> <!-- stack-trace -->
                </div> <!-- method-content -->
              </div> <!-- method -->
              <div class="method">
                <div class="method-content">
                  <a name="user_enters_the_valid_email_id_in_popup_which_shownTest">
                  </a> <!-- user_enters_the_valid_email_id_in_popup_which_shownTest -->
                  <span class="method-name">user_enters_the_valid_email_id_in_popup_which_shownTest</span>
                  <div class="stack-trace">java.lang.RuntimeException: Test not implemented
	at com.stepDefinitions.aboutPageStepDefinitionsTest.user_enters_the_valid_email_id_in_popup_which_shownTest(aboutPageStepDefinitionsTest.java:229)
	at java.base/java.util.concurrent.ThreadPoolExecutor.runWorker(ThreadPoolExecutor.java:1144)
	at java.base/java.util.concurrent.ThreadPoolExecutor$Worker.run(ThreadPoolExecutor.java:642)
	at java.base/java.lang.Thread.run(Thread.java:1623)
... Removed 10 stack frames
</div> <!-- stack-trace -->
                </div> <!-- method-content -->
              </div> <!-- method -->
              <div class="method">
                <div class="method-content">
                  <a name="user_enters_the_valid_passwordTest">
                  </a> <!-- user_enters_the_valid_passwordTest -->
                  <span class="method-name">user_enters_the_valid_passwordTest</span>
                  <div class="stack-trace">java.lang.RuntimeException: Test not implemented
	at com.stepDefinitions.aboutPageStepDefinitionsTest.user_enters_the_valid_passwordTest(aboutPageStepDefinitionsTest.java:234)
	at java.base/java.util.concurrent.ThreadPoolExecutor.runWorker(ThreadPoolExecutor.java:1144)
	at java.base/java.util.concurrent.ThreadPoolExecutor$Worker.run(ThreadPoolExecutor.java:642)
	at java.base/java.lang.Thread.run(Thread.java:1623)
... Removed 10 stack frames
</div> <!-- stack-trace -->
                </div> <!-- method-content -->
              </div> <!-- method -->
              <div class="method">
                <div class="method-content">
                  <a name="user_fills_in_their_detailsTest">
                  </a> <!-- user_fills_in_their_detailsTest -->
                  <span class="method-name">user_fills_in_their_detailsTest</span>
                  <div class="stack-trace">java.lang.RuntimeException: Test not implemented
	at com.stepDefinitions.aboutPageStepDefinitionsTest.user_fills_in_their_detailsTest(aboutPageStepDefinitionsTest.java:239)
	at java.base/java.util.concurrent.ThreadPoolExecutor.runWorker(ThreadPoolExecutor.java:1144)
	at java.base/java.util.concurrent.ThreadPoolExecutor$Worker.run(ThreadPoolExecutor.java:642)
	at java.base/java.lang.Thread.run(Thread.java:1623)
... Removed 10 stack frames
</div> <!-- stack-trace -->
                </div> <!-- method-content -->
              </div> <!-- method -->
              <div class="method">
                <div class="method-content">
                  <a name="user_gets_search_results_for_the_searchTest">
                  </a> <!-- user_gets_search_results_for_the_searchTest -->
                  <span class="method-name">user_gets_search_results_for_the_searchTest</span>
                  <div class="stack-trace">java.lang.RuntimeException: Test not implemented
	at com.stepDefinitions.aboutPageStepDefinitionsTest.user_gets_search_results_for_the_searchTest(aboutPageStepDefinitionsTest.java:244)
	at java.base/java.util.concurrent.ThreadPoolExecutor.runWorker(ThreadPoolExecutor.java:1144)
	at java.base/java.util.concurrent.ThreadPoolExecutor$Worker.run(ThreadPoolExecutor.java:642)
	at java.base/java.lang.Thread.run(Thread.java:1623)
... Removed 10 stack frames
</div> <!-- stack-trace -->
                </div> <!-- method-content -->
              </div> <!-- method -->
              <div class="method">
                <div class="method-content">
                  <a name="user_gives_place_nameTest">
                  </a> <!-- user_gives_place_nameTest -->
                  <span class="method-name">user_gives_place_nameTest</span>
                  <div class="stack-trace">java.lang.RuntimeException: Test not implemented
	at com.stepDefinitions.aboutPageStepDefinitionsTest.user_gives_place_nameTest(aboutPageStepDefinitionsTest.java:249)
	at java.base/java.util.concurrent.ThreadPoolExecutor.runWorker(ThreadPoolExecutor.java:1144)
	at java.base/java.util.concurrent.ThreadPoolExecutor$Worker.run(ThreadPoolExecutor.java:642)
	at java.base/java.lang.Thread.run(Thread.java:1623)
... Removed 10 stack frames
</div> <!-- stack-trace -->
                </div> <!-- method-content -->
              </div> <!-- method -->
              <div class="method">
                <div class="method-content">
                  <a name="user_gives_the_from_locationTest">
                  </a> <!-- user_gives_the_from_locationTest -->
                  <span class="method-name">user_gives_the_from_locationTest</span>
                  <div class="stack-trace">java.lang.RuntimeException: Test not implemented
	at com.stepDefinitions.aboutPageStepDefinitionsTest.user_gives_the_from_locationTest(aboutPageStepDefinitionsTest.java:254)
	at java.base/java.util.concurrent.ThreadPoolExecutor.runWorker(ThreadPoolExecutor.java:1144)
	at java.base/java.util.concurrent.ThreadPoolExecutor$Worker.run(ThreadPoolExecutor.java:642)
	at java.base/java.lang.Thread.run(Thread.java:1623)
... Removed 10 stack frames
</div> <!-- stack-trace -->
                </div> <!-- method-content -->
              </div> <!-- method -->
              <div class="method">
                <div class="method-content">
                  <a name="user_gives_the_to_locationTest">
                  </a> <!-- user_gives_the_to_locationTest -->
                  <span class="method-name">user_gives_the_to_locationTest</span>
                  <div class="stack-trace">java.lang.RuntimeException: Test not implemented
	at com.stepDefinitions.aboutPageStepDefinitionsTest.user_gives_the_to_locationTest(aboutPageStepDefinitionsTest.java:259)
	at java.base/java.util.concurrent.ThreadPoolExecutor.runWorker(ThreadPoolExecutor.java:1144)
	at java.base/java.util.concurrent.ThreadPoolExecutor$Worker.run(ThreadPoolExecutor.java:642)
	at java.base/java.lang.Thread.run(Thread.java:1623)
... Removed 10 stack frames
</div> <!-- stack-trace -->
                </div> <!-- method-content -->
              </div> <!-- method -->
              <div class="method">
                <div class="method-content">
                  <a name="user_is_in_the_thomasCOOK_pageTest">
                  </a> <!-- user_is_in_the_thomasCOOK_pageTest -->
                  <span class="method-name">user_is_in_the_thomasCOOK_pageTest</span>
                  <div class="stack-trace">java.lang.RuntimeException: Test not implemented
	at com.stepDefinitions.aboutPageStepDefinitionsTest.user_is_in_the_thomasCOOK_pageTest(aboutPageStepDefinitionsTest.java:264)
	at java.base/java.util.concurrent.ThreadPoolExecutor.runWorker(ThreadPoolExecutor.java:1144)
	at java.base/java.util.concurrent.ThreadPoolExecutor$Worker.run(ThreadPoolExecutor.java:642)
	at java.base/java.lang.Thread.run(Thread.java:1623)
... Removed 10 stack frames
</div> <!-- stack-trace -->
                </div> <!-- method-content -->
              </div> <!-- method -->
              <div class="method">
                <div class="method-content">
                  <a name="user_is_in_the_thomascook_pageTest">
                  </a> <!-- user_is_in_the_thomascook_pageTest -->
                  <span class="method-name">user_is_in_the_thomascook_pageTest</span>
                  <div class="stack-trace">java.lang.RuntimeException: Test not implemented
	at com.stepDefinitions.aboutPageStepDefinitionsTest.user_is_in_the_thomascook_pageTest(aboutPageStepDefinitionsTest.java:269)
	at java.base/java.util.concurrent.ThreadPoolExecutor.runWorker(ThreadPoolExecutor.java:1144)
	at java.base/java.util.concurrent.ThreadPoolExecutor$Worker.run(ThreadPoolExecutor.java:642)
	at java.base/java.lang.Thread.run(Thread.java:1623)
... Removed 10 stack frames
</div> <!-- stack-trace -->
                </div> <!-- method-content -->
              </div> <!-- method -->
              <div class="method">
                <div class="method-content">
                  <a name="user_is_in_the_thomascook_page_from_loginTest">
                  </a> <!-- user_is_in_the_thomascook_page_from_loginTest -->
                  <span class="method-name">user_is_in_the_thomascook_page_from_loginTest</span>
                  <div class="stack-trace">java.lang.RuntimeException: Test not implemented
	at com.stepDefinitions.aboutPageStepDefinitionsTest.user_is_in_the_thomascook_page_from_loginTest(aboutPageStepDefinitionsTest.java:274)
	at java.base/java.util.concurrent.ThreadPoolExecutor.runWorker(ThreadPoolExecutor.java:1144)
	at java.base/java.util.concurrent.ThreadPoolExecutor$Worker.run(ThreadPoolExecutor.java:642)
	at java.base/java.lang.Thread.run(Thread.java:1623)
... Removed 10 stack frames
</div> <!-- stack-trace -->
                </div> <!-- method-content -->
              </div> <!-- method -->
              <div class="method">
                <div class="method-content">
                  <a name="user_is_navigated_to_homepage_with_user_logged_inTest">
                  </a> <!-- user_is_navigated_to_homepage_with_user_logged_inTest -->
                  <span class="method-name">user_is_navigated_to_homepage_with_user_logged_inTest</span>
                  <div class="stack-trace">java.lang.RuntimeException: Test not implemented
	at com.stepDefinitions.aboutPageStepDefinitionsTest.user_is_navigated_to_homepage_with_user_logged_inTest(aboutPageStepDefinitionsTest.java:279)
	at java.base/java.util.concurrent.ThreadPoolExecutor.runWorker(ThreadPoolExecutor.java:1144)
	at java.base/java.util.concurrent.ThreadPoolExecutor$Worker.run(ThreadPoolExecutor.java:642)
	at java.base/java.lang.Thread.run(Thread.java:1623)
... Removed 10 stack frames
</div> <!-- stack-trace -->
                </div> <!-- method-content -->
              </div> <!-- method -->
              <div class="method">
                <div class="method-content">
                  <a name="user_is_on_thomascook_homepageTest">
                  </a> <!-- user_is_on_thomascook_homepageTest -->
                  <span class="method-name">user_is_on_thomascook_homepageTest</span>
                  <div class="stack-trace">java.lang.RuntimeException: Test not implemented
	at com.stepDefinitions.aboutPageStepDefinitionsTest.user_is_on_thomascook_homepageTest(aboutPageStepDefinitionsTest.java:284)
	at java.base/java.util.concurrent.ThreadPoolExecutor.runWorker(ThreadPoolExecutor.java:1144)
	at java.base/java.util.concurrent.ThreadPoolExecutor$Worker.run(ThreadPoolExecutor.java:642)
	at java.base/java.lang.Thread.run(Thread.java:1623)
... Removed 10 stack frames
</div> <!-- stack-trace -->
                </div> <!-- method-content -->
              </div> <!-- method -->
              <div class="method">
                <div class="method-content">
                  <a name="user_is_on_thomascook_webpageTest">
                  </a> <!-- user_is_on_thomascook_webpageTest -->
                  <span class="method-name">user_is_on_thomascook_webpageTest</span>
                  <div class="stack-trace">java.lang.RuntimeException: Test not implemented
	at com.stepDefinitions.aboutPageStepDefinitionsTest.user_is_on_thomascook_webpageTest(aboutPageStepDefinitionsTest.java:289)
	at java.base/java.util.concurrent.ThreadPoolExecutor.runWorker(ThreadPoolExecutor.java:1144)
	at java.base/java.util.concurrent.ThreadPoolExecutor$Worker.run(ThreadPoolExecutor.java:642)
	at java.base/java.lang.Thread.run(Thread.java:1623)
... Removed 10 stack frames
</div> <!-- stack-trace -->
                </div> <!-- method-content -->
              </div> <!-- method -->
              <div class="method">
                <div class="method-content">
                  <a name="user_is_on_thomascook_websiteTest">
                  </a> <!-- user_is_on_thomascook_websiteTest -->
                  <span class="method-name">user_is_on_thomascook_websiteTest</span>
                  <div class="stack-trace">java.lang.RuntimeException: Test not implemented
	at com.stepDefinitions.aboutPageStepDefinitionsTest.user_is_on_thomascook_websiteTest(aboutPageStepDefinitionsTest.java:294)
	at java.base/java.util.concurrent.ThreadPoolExecutor.runWorker(ThreadPoolExecutor.java:1144)
	at java.base/java.util.concurrent.ThreadPoolExecutor$Worker.run(ThreadPoolExecutor.java:642)
	at java.base/java.lang.Thread.run(Thread.java:1623)
... Removed 10 stack frames
</div> <!-- stack-trace -->
                </div> <!-- method-content -->
              </div> <!-- method -->
              <div class="method">
                <div class="method-content">
                  <a name="user_recieve_the_modified_searchTest">
                  </a> <!-- user_recieve_the_modified_searchTest -->
                  <span class="method-name">user_recieve_the_modified_searchTest</span>
                  <div class="stack-trace">java.lang.RuntimeException: Test not implemented
	at com.stepDefinitions.aboutPageStepDefinitionsTest.user_recieve_the_modified_searchTest(aboutPageStepDefinitionsTest.java:304)
	at java.base/java.util.concurrent.ThreadPoolExecutor.runWorker(ThreadPoolExecutor.java:1144)
	at java.base/java.util.concurrent.ThreadPoolExecutor$Worker.run(ThreadPoolExecutor.java:642)
	at java.base/java.lang.Thread.run(Thread.java:1623)
... Removed 10 stack frames
</div> <!-- stack-trace -->
                </div> <!-- method-content -->
              </div> <!-- method -->
              <div class="method">
                <div class="method-content">
                  <a name="user_selects_the_date_from_calendarTest">
                  </a> <!-- user_selects_the_date_from_calendarTest -->
                  <span class="method-name">user_selects_the_date_from_calendarTest</span>
                  <div class="stack-trace">java.lang.RuntimeException: Test not implemented
	at com.stepDefinitions.aboutPageStepDefinitionsTest.user_selects_the_date_from_calendarTest(aboutPageStepDefinitionsTest.java:309)
	at java.base/java.util.concurrent.ThreadPoolExecutor.runWorker(ThreadPoolExecutor.java:1144)
	at java.base/java.util.concurrent.ThreadPoolExecutor$Worker.run(ThreadPoolExecutor.java:642)
	at java.base/java.lang.Thread.run(Thread.java:1623)
... Removed 10 stack frames
</div> <!-- stack-trace -->
                </div> <!-- method-content -->
              </div> <!-- method -->
              <div class="method">
                <div class="method-content">
                  <a name="user_selects_the_value_from_dropdownTest">
                  </a> <!-- user_selects_the_value_from_dropdownTest -->
                  <span class="method-name">user_selects_the_value_from_dropdownTest</span>
                  <div class="stack-trace">java.lang.RuntimeException: Test not implemented
	at com.stepDefinitions.aboutPageStepDefinitionsTest.user_selects_the_value_from_dropdownTest(aboutPageStepDefinitionsTest.java:314)
	at java.base/java.util.concurrent.ThreadPoolExecutor.runWorker(ThreadPoolExecutor.java:1144)
	at java.base/java.util.concurrent.ThreadPoolExecutor$Worker.run(ThreadPoolExecutor.java:642)
	at java.base/java.lang.Thread.run(Thread.java:1623)
... Removed 10 stack frames
</div> <!-- stack-trace -->
                </div> <!-- method-content -->
              </div> <!-- method -->
              <div class="method">
                <div class="method-content">
                  <a name="user_sorts_the_searchTest">
                  </a> <!-- user_sorts_the_searchTest -->
                  <span class="method-name">user_sorts_the_searchTest</span>
                  <div class="stack-trace">java.lang.RuntimeException: Test not implemented
	at com.stepDefinitions.aboutPageStepDefinitionsTest.user_sorts_the_searchTest(aboutPageStepDefinitionsTest.java:319)
	at java.base/java.util.concurrent.ThreadPoolExecutor.runWorker(ThreadPoolExecutor.java:1144)
	at java.base/java.util.concurrent.ThreadPoolExecutor$Worker.run(ThreadPoolExecutor.java:642)
	at java.base/java.lang.Thread.run(Thread.java:1623)
... Removed 10 stack frames
</div> <!-- stack-trace -->
                </div> <!-- method-content -->
              </div> <!-- method -->
            </div> <!-- main-panel-content rounded-window-bottom -->
          </div> <!-- suite-Suite-class-failed -->
        </div> <!-- panel Suite -->
        <div panel-name="test-xml-Suite" class="panel">
          <div class="main-panel-header rounded-window-top">
            <span class="header-content">C:\BlackSquad_PilotProject\Thomascook\testng.xml</span>
          </div> <!-- main-panel-header rounded-window-top -->
          <div class="main-panel-content rounded-window-bottom">
            <pre>
&lt;?xml version=&quot;1.0&quot; encoding=&quot;UTF-8&quot;?&gt;
&lt;!DOCTYPE suite SYSTEM &quot;https://testng.org/testng-1.0.dtd&quot;&gt;
&lt;suite name=&quot;Suite&quot; guice-stage=&quot;DEVELOPMENT&quot;&gt;
  &lt;test thread-count=&quot;5&quot; parallel=&quot;methods&quot; name=&quot;Test&quot;&gt;
    &lt;classes&gt;
      &lt;class name=&quot;com.stepDefinitions.aboutPageStepDefinitionsTest&quot;/&gt;
    &lt;/classes&gt;
  &lt;/test&gt; &lt;!-- Test --&gt;
&lt;/suite&gt; &lt;!-- Suite --&gt;
            </pre>
          </div> <!-- main-panel-content rounded-window-bottom -->
        </div> <!-- panel -->
        <div panel-name="testlist-Suite" class="panel">
          <div class="main-panel-header rounded-window-top">
            <span class="header-content">Tests for Suite</span>
          </div> <!-- main-panel-header rounded-window-top -->
          <div class="main-panel-content rounded-window-bottom">
            <ul>
              <li>
                <span class="test-name">Test (1 class)</span>
              </li>
            </ul>
          </div> <!-- main-panel-content rounded-window-bottom -->
        </div> <!-- panel -->
        <div panel-name="group-Suite" class="panel">
          <div class="main-panel-header rounded-window-top">
            <span class="header-content">Groups for Suite</span>
          </div> <!-- main-panel-header rounded-window-top -->
          <div class="main-panel-content rounded-window-bottom">
          </div> <!-- main-panel-content rounded-window-bottom -->
        </div> <!-- panel -->
        <div panel-name="times-Suite" class="panel">
          <div class="main-panel-header rounded-window-top">
            <span class="header-content">Times for Suite</span>
          </div> <!-- main-panel-header rounded-window-top -->
          <div class="main-panel-content rounded-window-bottom">
            <div class="times-div">
              <script type="text/javascript">
suiteTableInitFunctions.push('tableData_Suite');
function tableData_Suite() {
var data = new google.visualization.DataTable();
data.addColumn('number', 'Number');
data.addColumn('string', 'Method');
data.addColumn('string', 'Class');
data.addColumn('number', 'Time (ms)');
data.addRows(62);
data.setCell(0, 0, 0)
data.setCell(0, 1, 'again_user_clicks_login_button_shows_in_drop_downTest')
data.setCell(0, 2, 'com.stepDefinitions.aboutPageStepDefinitionsTest')
data.setCell(0, 3, 96);
data.setCell(1, 0, 1)
data.setCell(1, 1, 'clicks_search_buttonTest')
data.setCell(1, 2, 'com.stepDefinitions.aboutPageStepDefinitionsTest')
data.setCell(1, 3, 96);
data.setCell(2, 0, 2)
data.setCell(2, 1, 'clicks_on_registerTest')
data.setCell(2, 2, 'com.stepDefinitions.aboutPageStepDefinitionsTest')
data.setCell(2, 3, 95);
data.setCell(3, 0, 3)
data.setCell(3, 1, 'changes_successfull_message_is_displayedTest')
data.setCell(3, 2, 'com.stepDefinitions.aboutPageStepDefinitionsTest')
data.setCell(3, 3, 92);
data.setCell(4, 0, 4)
data.setCell(4, 1, 'cruisePageStepDefinitionTest')
data.setCell(4, 2, 'com.stepDefinitions.aboutPageStepDefinitionsTest')
data.setCell(4, 3, 92);
data.setCell(5, 0, 5)
data.setCell(5, 1, 'user_is_in_the_thomascook_pageTest')
data.setCell(5, 2, 'com.stepDefinitions.aboutPageStepDefinitionsTest')
data.setCell(5, 3, 19);
data.setCell(6, 0, 6)
data.setCell(6, 1, 'user_is_in_the_thomascook_page_from_loginTest')
data.setCell(6, 2, 'com.stepDefinitions.aboutPageStepDefinitionsTest')
data.setCell(6, 3, 15);
data.setCell(7, 0, 7)
data.setCell(7, 1, 'the_user_clicks_on_policiesTest')
data.setCell(7, 2, 'com.stepDefinitions.aboutPageStepDefinitionsTest')
data.setCell(7, 3, 15);
data.setCell(8, 0, 8)
data.setCell(8, 1, 'the_user_clicks_on_the_flightsTest')
data.setCell(8, 2, 'com.stepDefinitions.aboutPageStepDefinitionsTest')
data.setCell(8, 3, 15);
data.setCell(9, 0, 9)
data.setCell(9, 1, 'user_clicks_on_about_usTest')
data.setCell(9, 2, 'com.stepDefinitions.aboutPageStepDefinitionsTest')
data.setCell(9, 3, 15);
data.setCell(10, 0, 10)
data.setCell(10, 1, 'the_user_changes_a_mobile_numberTest')
data.setCell(10, 2, 'com.stepDefinitions.aboutPageStepDefinitionsTest')
data.setCell(10, 3, 14);
data.setCell(11, 0, 11)
data.setCell(11, 1, 'user_clicks_on_modify_search_to_change_date_and_departure_cityTest')
data.setCell(11, 2, 'com.stepDefinitions.aboutPageStepDefinitionsTest')
data.setCell(11, 3, 14);
data.setCell(12, 0, 12)
data.setCell(12, 1, 'user_clicks_on_the_oneway_tripTest')
data.setCell(12, 2, 'com.stepDefinitions.aboutPageStepDefinitionsTest')
data.setCell(12, 3, 13);
data.setCell(13, 0, 13)
data.setCell(13, 1, 'the_user_select_a_duration_of_travel_less_than_nightsTest')
data.setCell(13, 2, 'com.stepDefinitions.aboutPageStepDefinitionsTest')
data.setCell(13, 3, 12);
data.setCell(14, 0, 14)
data.setCell(14, 1, 'user_is_on_thomascook_webpageTest')
data.setCell(14, 2, 'com.stepDefinitions.aboutPageStepDefinitionsTest')
data.setCell(14, 3, 10);
data.setCell(15, 0, 15)
data.setCell(15, 1, 'the_user_click_on_my_accountTest')
data.setCell(15, 2, 'com.stepDefinitions.aboutPageStepDefinitionsTest')
data.setCell(15, 3, 10);
data.setCell(16, 0, 16)
data.setCell(16, 1, 'user_enters_the_valid_email_id_in_popup_which_shownTest')
data.setCell(16, 2, 'com.stepDefinitions.aboutPageStepDefinitionsTest')
data.setCell(16, 3, 9);
data.setCell(17, 0, 17)
data.setCell(17, 1, 'user_enters_the_EmailTest')
data.setCell(17, 2, 'com.stepDefinitions.aboutPageStepDefinitionsTest')
data.setCell(17, 3, 8);
data.setCell(18, 0, 18)
data.setCell(18, 1, 'the_user_get_board_directors_informationTest')
data.setCell(18, 2, 'com.stepDefinitions.aboutPageStepDefinitionsTest')
data.setCell(18, 3, 8);
data.setCell(19, 0, 19)
data.setCell(19, 1, 'user_click_a_save_buttonTest')
data.setCell(19, 2, 'com.stepDefinitions.aboutPageStepDefinitionsTest')
data.setCell(19, 3, 8);
data.setCell(20, 0, 20)
data.setCell(20, 1, 'customer_is_on_thomascook_pageTest')
data.setCell(20, 2, 'com.stepDefinitions.aboutPageStepDefinitionsTest')
data.setCell(20, 3, 8);
data.setCell(21, 0, 21)
data.setCell(21, 1, 'the_user_clicks_on_board_of_directorsTest')
data.setCell(21, 2, 'com.stepDefinitions.aboutPageStepDefinitionsTest')
data.setCell(21, 3, 8);
data.setCell(22, 0, 22)
data.setCell(22, 1, 'user_clicks_on_the_search_buttonTest')
data.setCell(22, 2, 'com.stepDefinitions.aboutPageStepDefinitionsTest')
data.setCell(22, 3, 8);
data.setCell(23, 0, 23)
data.setCell(23, 1, 'the_user_select_a_package_type_without_a_flightTest')
data.setCell(23, 2, 'com.stepDefinitions.aboutPageStepDefinitionsTest')
data.setCell(23, 3, 7);
data.setCell(24, 0, 24)
data.setCell(24, 1, 'selects_month_of_travelTest')
data.setCell(24, 2, 'com.stepDefinitions.aboutPageStepDefinitionsTest')
data.setCell(24, 3, 7);
data.setCell(25, 0, 25)
data.setCell(25, 1, 'the_user_click_a_edit_buttonTest')
data.setCell(25, 2, 'com.stepDefinitions.aboutPageStepDefinitionsTest')
data.setCell(25, 3, 6);
data.setCell(26, 0, 26)
data.setCell(26, 1, 'user_recieve_the_modified_searchTest')
data.setCell(26, 2, 'com.stepDefinitions.aboutPageStepDefinitionsTest')
data.setCell(26, 3, 6);
data.setCell(27, 0, 27)
data.setCell(27, 1, 'tearDownTest')
data.setCell(27, 2, 'com.stepDefinitions.aboutPageStepDefinitionsTest')
data.setCell(27, 3, 6);
data.setCell(28, 0, 28)
data.setCell(28, 1, 'finally_user_clicks_the_loginbutton_and_user_in_homepage_of_registered_userTest')
data.setCell(28, 2, 'com.stepDefinitions.aboutPageStepDefinitionsTest')
data.setCell(28, 3, 6);
data.setCell(29, 0, 29)
data.setCell(29, 1, 'user_gives_place_nameTest')
data.setCell(29, 2, 'com.stepDefinitions.aboutPageStepDefinitionsTest')
data.setCell(29, 3, 6);
data.setCell(30, 0, 30)
data.setCell(30, 1, 'user_clicks_register_buttonTest')
data.setCell(30, 2, 'com.stepDefinitions.aboutPageStepDefinitionsTest')
data.setCell(30, 3, 6);
data.setCell(31, 0, 31)
data.setCell(31, 1, 'the_user_select_the_city_marvel_of_georgiaTest')
data.setCell(31, 2, 'com.stepDefinitions.aboutPageStepDefinitionsTest')
data.setCell(31, 3, 6);
data.setCell(32, 0, 32)
data.setCell(32, 1, 'user_sorts_the_searchTest')
data.setCell(32, 2, 'com.stepDefinitions.aboutPageStepDefinitionsTest')
data.setCell(32, 3, 6);
data.setCell(33, 0, 33)
data.setCell(33, 1, 'user_selects_the_value_from_dropdownTest')
data.setCell(33, 2, 'com.stepDefinitions.aboutPageStepDefinitionsTest')
data.setCell(33, 3, 5);
data.setCell(34, 0, 34)
data.setCell(34, 1, 'i_want_to_select_a_holiday_categoryTest')
data.setCell(34, 2, 'com.stepDefinitions.aboutPageStepDefinitionsTest')
data.setCell(34, 3, 4);
data.setCell(35, 0, 35)
data.setCell(35, 1, 'the_user_gets_the_priacy_policy_informationTest')
data.setCell(35, 2, 'com.stepDefinitions.aboutPageStepDefinitionsTest')
data.setCell(35, 3, 4);
data.setCell(36, 0, 36)
data.setCell(36, 1, 'user_clicks_the_dateTest')
data.setCell(36, 2, 'com.stepDefinitions.aboutPageStepDefinitionsTest')
data.setCell(36, 3, 4);
data.setCell(37, 0, 37)
data.setCell(37, 1, 'the_user_select_a_europe_tour_packageTest')
data.setCell(37, 2, 'com.stepDefinitions.aboutPageStepDefinitionsTest')
data.setCell(37, 3, 4);
data.setCell(38, 0, 38)
data.setCell(38, 1, 'the_user_select_theme_with_a_familyTest')
data.setCell(38, 2, 'com.stepDefinitions.aboutPageStepDefinitionsTest')
data.setCell(38, 3, 3);
data.setCell(39, 0, 39)
data.setCell(39, 1, 'user_clicks_on_modify_buttonTest')
data.setCell(39, 2, 'com.stepDefinitions.aboutPageStepDefinitionsTest')
data.setCell(39, 3, 3);
data.setCell(40, 0, 40)
data.setCell(40, 1, 'setupTest')
data.setCell(40, 2, 'com.stepDefinitions.aboutPageStepDefinitionsTest')
data.setCell(40, 3, 3);
data.setCell(41, 0, 41)
data.setCell(41, 1, 'user_enters_the_valid_passwordTest')
data.setCell(41, 2, 'com.stepDefinitions.aboutPageStepDefinitionsTest')
data.setCell(41, 3, 3);
data.setCell(42, 0, 42)
data.setCell(42, 1, 'user_enters_the_PasswordTest')
data.setCell(42, 2, 'com.stepDefinitions.aboutPageStepDefinitionsTest')
data.setCell(42, 3, 3);
data.setCell(43, 0, 43)
data.setCell(43, 1, 'user_fills_in_their_detailsTest')
data.setCell(43, 2, 'com.stepDefinitions.aboutPageStepDefinitionsTest')
data.setCell(43, 3, 3);
data.setCell(44, 0, 44)
data.setCell(44, 1, 'user_is_in_the_thomasCOOK_pageTest')
data.setCell(44, 2, 'com.stepDefinitions.aboutPageStepDefinitionsTest')
data.setCell(44, 3, 3);
data.setCell(45, 0, 45)
data.setCell(45, 1, 'the_user_gets_the_information_about_thomascookTest')
data.setCell(45, 2, 'com.stepDefinitions.aboutPageStepDefinitionsTest')
data.setCell(45, 3, 3);
data.setCell(46, 0, 46)
data.setCell(46, 1, 'user_gets_search_results_for_the_searchTest')
data.setCell(46, 2, 'com.stepDefinitions.aboutPageStepDefinitionsTest')
data.setCell(46, 3, 2);
data.setCell(47, 0, 47)
data.setCell(47, 1, 'the_desired_tour_package_is_displayedTest')
data.setCell(47, 2, 'com.stepDefinitions.aboutPageStepDefinitionsTest')
data.setCell(47, 3, 2);
data.setCell(48, 0, 48)
data.setCell(48, 1, 'the_user_click_an_view_my_accountTest')
data.setCell(48, 2, 'com.stepDefinitions.aboutPageStepDefinitionsTest')
data.setCell(48, 3, 2);
data.setCell(49, 0, 49)
data.setCell(49, 1, 'user_clicks_the_cruise_buttonTest')
data.setCell(49, 2, 'com.stepDefinitions.aboutPageStepDefinitionsTest')
data.setCell(49, 3, 2);
data.setCell(50, 0, 50)
data.setCell(50, 1, 'user_clicks_on_the_search_flight_buttonTest')
data.setCell(50, 2, 'com.stepDefinitions.aboutPageStepDefinitionsTest')
data.setCell(50, 3, 2);
data.setCell(51, 0, 51)
data.setCell(51, 1, 'user_selects_the_date_from_calendarTest')
data.setCell(51, 2, 'com.stepDefinitions.aboutPageStepDefinitionsTest')
data.setCell(51, 3, 2);
data.setCell(52, 0, 52)
data.setCell(52, 1, 'selects_budgetTest')
data.setCell(52, 2, 'com.stepDefinitions.aboutPageStepDefinitionsTest')
data.setCell(52, 3, 1);
data.setCell(53, 0, 53)
data.setCell(53, 1, 'the_user_select_a_month_of_travel_as_febTest')
data.setCell(53, 2, 'com.stepDefinitions.aboutPageStepDefinitionsTest')
data.setCell(53, 3, 1);
data.setCell(54, 0, 54)
data.setCell(54, 1, 'user_gives_the_from_locationTest')
data.setCell(54, 2, 'com.stepDefinitions.aboutPageStepDefinitionsTest')
data.setCell(54, 3, 1);
data.setCell(55, 0, 55)
data.setCell(55, 1, 'user_clicks_the_login_button_on_top_right_corner_of_homepageTest')
data.setCell(55, 2, 'com.stepDefinitions.aboutPageStepDefinitionsTest')
data.setCell(55, 3, 1);
data.setCell(56, 0, 56)
data.setCell(56, 1, 'user_is_on_thomascook_websiteTest')
data.setCell(56, 2, 'com.stepDefinitions.aboutPageStepDefinitionsTest')
data.setCell(56, 3, 1);
data.setCell(57, 0, 57)
data.setCell(57, 1, 'user_is_navigated_to_homepage_with_user_logged_inTest')
data.setCell(57, 2, 'com.stepDefinitions.aboutPageStepDefinitionsTest')
data.setCell(57, 3, 1);
data.setCell(58, 0, 58)
data.setCell(58, 1, 'the_user_select_a_departure_city_as_chennaiTest')
data.setCell(58, 2, 'com.stepDefinitions.aboutPageStepDefinitionsTest')
data.setCell(58, 3, 1);
data.setCell(59, 0, 59)
data.setCell(59, 1, 'user_gives_the_to_locationTest')
data.setCell(59, 2, 'com.stepDefinitions.aboutPageStepDefinitionsTest')
data.setCell(59, 3, 1);
data.setCell(60, 0, 60)
data.setCell(60, 1, 'user_clicks_on_loginbuttonTest')
data.setCell(60, 2, 'com.stepDefinitions.aboutPageStepDefinitionsTest')
data.setCell(60, 3, 1);
data.setCell(61, 0, 61)
data.setCell(61, 1, 'user_is_on_thomascook_homepageTest')
data.setCell(61, 2, 'com.stepDefinitions.aboutPageStepDefinitionsTest')
data.setCell(61, 3, 1);
window.suiteTableData['Suite']= { tableData: data, tableDiv: 'times-div-Suite'}
return data;
}
              </script>
              <span class="suite-total-time">Total running time: 809 ms</span>
              <div id="times-div-Suite">
              </div> <!-- times-div-Suite -->
            </div> <!-- times-div -->
          </div> <!-- main-panel-content rounded-window-bottom -->
        </div> <!-- panel -->
        <div panel-name="reporter-Suite" class="panel">
          <div class="main-panel-header rounded-window-top">
            <span class="header-content">Reporter output for Suite</span>
          </div> <!-- main-panel-header rounded-window-top -->
          <div class="main-panel-content rounded-window-bottom">
          </div> <!-- main-panel-content rounded-window-bottom -->
        </div> <!-- panel -->
        <div panel-name="ignored-methods-Suite" class="panel">
          <div class="main-panel-header rounded-window-top">
            <span class="header-content">0 ignored methods</span>
          </div> <!-- main-panel-header rounded-window-top -->
          <div class="main-panel-content rounded-window-bottom">
          </div> <!-- main-panel-content rounded-window-bottom -->
        </div> <!-- panel -->
        <div panel-name="chronological-Suite" class="panel">
          <div class="main-panel-header rounded-window-top">
            <span class="header-content">Methods in chronological order</span>
          </div> <!-- main-panel-header rounded-window-top -->
          <div class="main-panel-content rounded-window-bottom">
            <div class="chronological-class">
              <div class="chronological-class-name">com.stepDefinitions.aboutPageStepDefinitionsTest</div> <!-- chronological-class-name -->
              <div class="test-method">
                <img src="failed.png">
                </img>
                <span class="method-name">again_user_clicks_login_button_shows_in_drop_downTest</span>
                <span class="method-start">0 ms</span>
              </div> <!-- test-method -->
              <div class="test-method">
                <img src="failed.png">
                </img>
                <span class="method-name">clicks_search_buttonTest</span>
                <span class="method-start">0 ms</span>
              </div> <!-- test-method -->
              <div class="test-method">
                <img src="failed.png">
                </img>
                <span class="method-name">clicks_on_registerTest</span>
                <span class="method-start">1 ms</span>
              </div> <!-- test-method -->
              <div class="test-method">
                <img src="failed.png">
                </img>
                <span class="method-name">changes_successfull_message_is_displayedTest</span>
                <span class="method-start">4 ms</span>
              </div> <!-- test-method -->
              <div class="test-method">
                <img src="failed.png">
                </img>
                <span class="method-name">cruisePageStepDefinitionTest</span>
                <span class="method-start">4 ms</span>
              </div> <!-- test-method -->
              <div class="test-method">
                <img src="failed.png">
                </img>
                <span class="method-name">customer_is_on_thomascook_pageTest</span>
                <span class="method-start">103 ms</span>
              </div> <!-- test-method -->
              <div class="test-method">
                <img src="failed.png">
                </img>
                <span class="method-name">finally_user_clicks_the_loginbutton_and_user_in_homepage_of_registered_userTest</span>
                <span class="method-start">104 ms</span>
              </div> <!-- test-method -->
              <div class="test-method">
                <img src="failed.png">
                </img>
                <span class="method-name">i_want_to_select_a_holiday_categoryTest</span>
                <span class="method-start">105 ms</span>
              </div> <!-- test-method -->
              <div class="test-method">
                <img src="failed.png">
                </img>
                <span class="method-name">selects_budgetTest</span>
                <span class="method-start">107 ms</span>
              </div> <!-- test-method -->
              <div class="test-method">
                <img src="failed.png">
                </img>
                <span class="method-name">selects_month_of_travelTest</span>
                <span class="method-start">108 ms</span>
              </div> <!-- test-method -->
              <div class="test-method">
                <img src="failed.png">
                </img>
                <span class="method-name">setupTest</span>
                <span class="method-start">113 ms</span>
              </div> <!-- test-method -->
              <div class="test-method">
                <img src="failed.png">
                </img>
                <span class="method-name">tearDownTest</span>
                <span class="method-start">118 ms</span>
              </div> <!-- test-method -->
              <div class="test-method">
                <img src="failed.png">
                </img>
                <span class="method-name">the_desired_tour_package_is_displayedTest</span>
                <span class="method-start">119 ms</span>
              </div> <!-- test-method -->
              <div class="test-method">
                <img src="failed.png">
                </img>
                <span class="method-name">the_user_changes_a_mobile_numberTest</span>
                <span class="method-start">120 ms</span>
              </div> <!-- test-method -->
              <div class="test-method">
                <img src="failed.png">
                </img>
                <span class="method-name">the_user_click_a_edit_buttonTest</span>
                <span class="method-start">123 ms</span>
              </div> <!-- test-method -->
              <div class="test-method">
                <img src="failed.png">
                </img>
                <span class="method-name">the_user_click_an_view_my_accountTest</span>
                <span class="method-start">126 ms</span>
              </div> <!-- test-method -->
              <div class="test-method">
                <img src="failed.png">
                </img>
                <span class="method-name">the_user_click_on_my_accountTest</span>
                <span class="method-start">134 ms</span>
              </div> <!-- test-method -->
              <div class="test-method">
                <img src="failed.png">
                </img>
                <span class="method-name">the_user_clicks_on_board_of_directorsTest</span>
                <span class="method-start">138 ms</span>
              </div> <!-- test-method -->
              <div class="test-method">
                <img src="failed.png">
                </img>
                <span class="method-name">the_user_clicks_on_policiesTest</span>
                <span class="method-start">139 ms</span>
              </div> <!-- test-method -->
              <div class="test-method">
                <img src="failed.png">
                </img>
                <span class="method-name">the_user_clicks_on_the_flightsTest</span>
                <span class="method-start">140 ms</span>
              </div> <!-- test-method -->
              <div class="test-method">
                <img src="failed.png">
                </img>
                <span class="method-name">the_user_get_board_directors_informationTest</span>
                <span class="method-start">143 ms</span>
              </div> <!-- test-method -->
              <div class="test-method">
                <img src="failed.png">
                </img>
                <span class="method-name">the_user_gets_the_information_about_thomascookTest</span>
                <span class="method-start">148 ms</span>
              </div> <!-- test-method -->
              <div class="test-method">
                <img src="failed.png">
                </img>
                <span class="method-name">the_user_gets_the_priacy_policy_informationTest</span>
                <span class="method-start">158 ms</span>
              </div> <!-- test-method -->
              <div class="test-method">
                <img src="failed.png">
                </img>
                <span class="method-name">the_user_select_a_duration_of_travel_less_than_nightsTest</span>
                <span class="method-start">160 ms</span>
              </div> <!-- test-method -->
              <div class="test-method">
                <img src="failed.png">
                </img>
                <span class="method-name">the_user_select_a_departure_city_as_chennaiTest</span>
                <span class="method-start">160 ms</span>
              </div> <!-- test-method -->
              <div class="test-method">
                <img src="failed.png">
                </img>
                <span class="method-name">the_user_select_a_europe_tour_packageTest</span>
                <span class="method-start">166 ms</span>
              </div> <!-- test-method -->
              <div class="test-method">
                <img src="failed.png">
                </img>
                <span class="method-name">the_user_select_a_month_of_travel_as_febTest</span>
                <span class="method-start">168 ms</span>
              </div> <!-- test-method -->
              <div class="test-method">
                <img src="failed.png">
                </img>
                <span class="method-name">the_user_select_a_package_type_without_a_flightTest</span>
                <span class="method-start">168 ms</span>
              </div> <!-- test-method -->
              <div class="test-method">
                <img src="failed.png">
                </img>
                <span class="method-name">the_user_select_the_city_marvel_of_georgiaTest</span>
                <span class="method-start">171 ms</span>
              </div> <!-- test-method -->
              <div class="test-method">
                <img src="failed.png">
                </img>
                <span class="method-name">the_user_select_theme_with_a_familyTest</span>
                <span class="method-start">173 ms</span>
              </div> <!-- test-method -->
              <div class="test-method">
                <img src="failed.png">
                </img>
                <span class="method-name">user_click_a_save_buttonTest</span>
                <span class="method-start">175 ms</span>
              </div> <!-- test-method -->
              <div class="test-method">
                <img src="failed.png">
                </img>
                <span class="method-name">user_clicks_on_about_usTest</span>
                <span class="method-start">177 ms</span>
              </div> <!-- test-method -->
              <div class="test-method">
                <img src="failed.png">
                </img>
                <span class="method-name">user_clicks_on_loginbuttonTest</span>
                <span class="method-start">179 ms</span>
              </div> <!-- test-method -->
              <div class="test-method">
                <img src="failed.png">
                </img>
                <span class="method-name">user_clicks_on_modify_buttonTest</span>
                <span class="method-start">180 ms</span>
              </div> <!-- test-method -->
              <div class="test-method">
                <img src="failed.png">
                </img>
                <span class="method-name">user_clicks_on_modify_search_to_change_date_and_departure_cityTest</span>
                <span class="method-start">183 ms</span>
              </div> <!-- test-method -->
              <div class="test-method">
                <img src="failed.png">
                </img>
                <span class="method-name">user_clicks_on_the_oneway_tripTest</span>
                <span class="method-start">191 ms</span>
              </div> <!-- test-method -->
              <div class="test-method">
                <img src="failed.png">
                </img>
                <span class="method-name">user_clicks_on_the_search_buttonTest</span>
                <span class="method-start">193 ms</span>
              </div> <!-- test-method -->
              <div class="test-method">
                <img src="failed.png">
                </img>
                <span class="method-name">user_clicks_on_the_search_flight_buttonTest</span>
                <span class="method-start">194 ms</span>
              </div> <!-- test-method -->
              <div class="test-method">
                <img src="failed.png">
                </img>
                <span class="method-name">user_clicks_register_buttonTest</span>
                <span class="method-start">200 ms</span>
              </div> <!-- test-method -->
              <div class="test-method">
                <img src="failed.png">
                </img>
                <span class="method-name">user_clicks_the_cruise_buttonTest</span>
                <span class="method-start">202 ms</span>
              </div> <!-- test-method -->
              <div class="test-method">
                <img src="failed.png">
                </img>
                <span class="method-name">user_clicks_the_dateTest</span>
                <span class="method-start">206 ms</span>
              </div> <!-- test-method -->
              <div class="test-method">
                <img src="failed.png">
                </img>
                <span class="method-name">user_clicks_the_login_button_on_top_right_corner_of_homepageTest</span>
                <span class="method-start">208 ms</span>
              </div> <!-- test-method -->
              <div class="test-method">
                <img src="failed.png">
                </img>
                <span class="method-name">user_enters_the_EmailTest</span>
                <span class="method-start">209 ms</span>
              </div> <!-- test-method -->
              <div class="test-method">
                <img src="failed.png">
                </img>
                <span class="method-name">user_enters_the_PasswordTest</span>
                <span class="method-start">211 ms</span>
              </div> <!-- test-method -->
              <div class="test-method">
                <img src="failed.png">
                </img>
                <span class="method-name">user_enters_the_valid_email_id_in_popup_which_shownTest</span>
                <span class="method-start">214 ms</span>
              </div> <!-- test-method -->
              <div class="test-method">
                <img src="failed.png">
                </img>
                <span class="method-name">user_enters_the_valid_passwordTest</span>
                <span class="method-start">216 ms</span>
              </div> <!-- test-method -->
              <div class="test-method">
                <img src="failed.png">
                </img>
                <span class="method-name">user_fills_in_their_detailsTest</span>
                <span class="method-start">216 ms</span>
              </div> <!-- test-method -->
              <div class="test-method">
                <img src="failed.png">
                </img>
                <span class="method-name">user_gets_search_results_for_the_searchTest</span>
                <span class="method-start">222 ms</span>
              </div> <!-- test-method -->
              <div class="test-method">
                <img src="failed.png">
                </img>
                <span class="method-name">user_gives_place_nameTest</span>
                <span class="method-start">226 ms</span>
              </div> <!-- test-method -->
              <div class="test-method">
                <img src="failed.png">
                </img>
                <span class="method-name">user_gives_the_from_locationTest</span>
                <span class="method-start">229 ms</span>
              </div> <!-- test-method -->
              <div class="test-method">
                <img src="failed.png">
                </img>
                <span class="method-name">user_gives_the_to_locationTest</span>
                <span class="method-start">230 ms</span>
              </div> <!-- test-method -->
              <div class="test-method">
                <img src="failed.png">
                </img>
                <span class="method-name">user_is_in_the_thomasCOOK_pageTest</span>
                <span class="method-start">233 ms</span>
              </div> <!-- test-method -->
              <div class="test-method">
                <img src="failed.png">
                </img>
                <span class="method-name">user_is_in_the_thomascook_page_from_loginTest</span>
                <span class="method-start">235 ms</span>
              </div> <!-- test-method -->
              <div class="test-method">
                <img src="failed.png">
                </img>
                <span class="method-name">user_is_in_the_thomascook_pageTest</span>
                <span class="method-start">235 ms</span>
              </div> <!-- test-method -->
              <div class="test-method">
                <img src="failed.png">
                </img>
                <span class="method-name">user_is_navigated_to_homepage_with_user_logged_inTest</span>
                <span class="method-start">245 ms</span>
              </div> <!-- test-method -->
              <div class="test-method">
                <img src="failed.png">
                </img>
                <span class="method-name">user_is_on_thomascook_homepageTest</span>
                <span class="method-start">246 ms</span>
              </div> <!-- test-method -->
              <div class="test-method">
                <img src="failed.png">
                </img>
                <span class="method-name">user_is_on_thomascook_webpageTest</span>
                <span class="method-start">248 ms</span>
              </div> <!-- test-method -->
              <div class="test-method">
                <img src="failed.png">
                </img>
                <span class="method-name">user_is_on_thomascook_websiteTest</span>
                <span class="method-start">250 ms</span>
              </div> <!-- test-method -->
              <div class="test-method">
                <img src="failed.png">
                </img>
                <span class="method-name">user_selects_the_date_from_calendarTest</span>
                <span class="method-start">255 ms</span>
              </div> <!-- test-method -->
              <div class="test-method">
                <img src="failed.png">
                </img>
                <span class="method-name">user_recieve_the_modified_searchTest</span>
                <span class="method-start">256 ms</span>
              </div> <!-- test-method -->
              <div class="test-method">
                <img src="failed.png">
                </img>
                <span class="method-name">user_selects_the_value_from_dropdownTest</span>
                <span class="method-start">260 ms</span>
              </div> <!-- test-method -->
              <div class="test-method">
                <img src="failed.png">
                </img>
                <span class="method-name">user_sorts_the_searchTest</span>
                <span class="method-start">260 ms</span>
              </div> <!-- test-method -->
          </div> <!-- main-panel-content rounded-window-bottom -->
        </div> <!-- panel -->
      </div> <!-- main-panel-root -->
    </div> <!-- wrapper -->
  </body>
<script type="text/javascript" src="testng-reports2.js"></script>
</html>
